{"numFailedTestSuites":0,"numFailedTests":0,"numPassedTestSuites":19,"numPassedTests":283,"numPendingTestSuites":0,"numPendingTests":0,"numRuntimeErrorTestSuites":0,"numTodoTests":0,"numTotalTestSuites":19,"numTotalTests":283,"openHandles":[],"snapshot":{"added":0,"didUpdate":false,"failure":false,"filesAdded":0,"filesRemoved":0,"filesRemovedList":[],"filesUnmatched":0,"filesUpdated":0,"matched":0,"total":0,"unchecked":0,"uncheckedKeysByFile":[],"unmatched":0,"updated":0},"startTime":1777806833355,"success":true,"testResults":[{"assertionResults":[{"ancestorTitles":["GET /cities"],"duration":91,"failing":false,"failureDetails":[],"failureMessages":[],"fullName":"GET /cities returns the public list of cities (200)","invocations":1,"location":null,"numPassingAsserts":3,"retryReasons":[],"startAt":1777806835275,"status":"passed","title":"returns the public list of cities (200)"},{"ancestorTitles":["GET /cities/:id"],"duration":32,"failing":false,"failureDetails":[],"failureMessages":[],"fullName":"GET /cities/:id returns a single city (200)","invocations":1,"location":null,"numPassingAsserts":2,"retryReasons":[],"startAt":1777806835366,"status":"passed","title":"returns a single city (200)"},{"ancestorTitles":["GET /cities/:id"],"duration":19,"failing":false,"failureDetails":[],"failureMessages":[],"fullName":"GET /cities/:id returns 404 when the city is missing","invocations":1,"location":null,"numPassingAsserts":2,"retryReasons":[],"startAt":1777806835398,"status":"passed","title":"returns 404 when the city is missing"},{"ancestorTitles":["GET /cities/:id"],"duration":12,"failing":false,"failureDetails":[],"failureMessages":[],"fullName":"GET /cities/:id returns 400 when id is not an integer","invocations":1,"location":null,"numPassingAsserts":2,"retryReasons":[],"startAt":1777806835417,"status":"passed","title":"returns 400 when id is not an integer"},{"ancestorTitles":["POST /cities"],"duration":50,"failing":false,"failureDetails":[],"failureMessages":[],"fullName":"POST /cities rejects unauthenticated requests with 401","invocations":1,"location":null,"numPassingAsserts":1,"retryReasons":[],"startAt":1777806835429,"status":"passed","title":"rejects unauthenticated requests with 401"},{"ancestorTitles":["POST /cities"],"duration":20,"failing":false,"failureDetails":[],"failureMessages":[],"fullName":"POST /cities rejects non-admin users with 403","invocations":1,"location":null,"numPassingAsserts":1,"retryReasons":[],"startAt":1777806835479,"status":"passed","title":"rejects non-admin users with 403"},{"ancestorTitles":["POST /cities"],"duration":26,"failing":false,"failureDetails":[],"failureMessages":[],"fullName":"POST /cities creates a city when admin sends valid data (201)","invocations":1,"location":null,"numPassingAsserts":3,"retryReasons":[],"startAt":1777806835499,"status":"passed","title":"creates a city when admin sends valid data (201)"},{"ancestorTitles":["POST /cities"],"duration":39,"failing":false,"failureDetails":[],"failureMessages":[],"fullName":"POST /cities rejects invalid body with 400","invocations":1,"location":null,"numPassingAsserts":1,"retryReasons":[],"startAt":1777806835526,"status":"passed","title":"rejects invalid body with 400"},{"ancestorTitles":["POST /cities"],"duration":31,"failing":false,"failureDetails":[],"failureMessages":[],"fullName":"POST /cities returns 409 on duplicate city name","invocations":1,"location":null,"numPassingAsserts":1,"retryReasons":[],"startAt":1777806835565,"status":"passed","title":"returns 409 on duplicate city name"}],"endTime":1777806835598,"message":"","name":"C:\\Users\\Matas\\Documents\\GitHub\\ratai24\\__tests__\\integration\\cities.integration.test.js","startTime":1777806833634,"status":"passed","summary":""},{"assertionResults":[{"ancestorTitles":["GET /api/admin/pricing/rules"],"duration":89,"failing":false,"failureDetails":[],"failureMessages":[],"fullName":"GET /api/admin/pricing/rules rejects unauthenticated callers with 401","invocations":1,"location":null,"numPassingAsserts":1,"retryReasons":[],"startAt":1777806835351,"status":"passed","title":"rejects unauthenticated callers with 401"},{"ancestorTitles":["GET /api/admin/pricing/rules"],"duration":16,"failing":false,"failureDetails":[],"failureMessages":[],"fullName":"GET /api/admin/pricing/rules rejects non-admin callers with 403","invocations":1,"location":null,"numPassingAsserts":1,"retryReasons":[],"startAt":1777806835441,"status":"passed","title":"rejects non-admin callers with 403"},{"ancestorTitles":["GET /api/admin/pricing/rules"],"duration":28,"failing":false,"failureDetails":[],"failureMessages":[],"fullName":"GET /api/admin/pricing/rules returns the list of pricing rules for admin (200)","invocations":1,"location":null,"numPassingAsserts":2,"retryReasons":[],"startAt":1777806835457,"status":"passed","title":"returns the list of pricing rules for admin (200)"},{"ancestorTitles":["POST /api/admin/pricing/rules"],"duration":36,"failing":false,"failureDetails":[],"failureMessages":[],"fullName":"POST /api/admin/pricing/rules rejects unauthenticated callers with 401","invocations":1,"location":null,"numPassingAsserts":1,"retryReasons":[],"startAt":1777806835488,"status":"passed","title":"rejects unauthenticated callers with 401"},{"ancestorTitles":["POST /api/admin/pricing/rules"],"duration":11,"failing":false,"failureDetails":[],"failureMessages":[],"fullName":"POST /api/admin/pricing/rules creates a new pricing rule (201)","invocations":1,"location":null,"numPassingAsserts":2,"retryReasons":[],"startAt":1777806835524,"status":"passed","title":"creates a new pricing rule (201)"},{"ancestorTitles":["POST /api/admin/pricing/rules"],"duration":15,"failing":false,"failureDetails":[],"failureMessages":[],"fullName":"POST /api/admin/pricing/rules returns 400 when name is missing","invocations":1,"location":null,"numPassingAsserts":2,"retryReasons":[],"startAt":1777806835535,"status":"passed","title":"returns 400 when name is missing"},{"ancestorTitles":["DELETE /api/admin/pricing/rules/:id"],"duration":10,"failing":false,"failureDetails":[],"failureMessages":[],"fullName":"DELETE /api/admin/pricing/rules/:id rejects non-admin callers with 403","invocations":1,"location":null,"numPassingAsserts":1,"retryReasons":[],"startAt":1777806835550,"status":"passed","title":"rejects non-admin callers with 403"},{"ancestorTitles":["DELETE /api/admin/pricing/rules/:id"],"duration":10,"failing":false,"failureDetails":[],"failureMessages":[],"fullName":"DELETE /api/admin/pricing/rules/:id deletes a pricing rule (204)","invocations":1,"location":null,"numPassingAsserts":2,"retryReasons":[],"startAt":1777806835561,"status":"passed","title":"deletes a pricing rule (204)"},{"ancestorTitles":["GET /api/admin/pricing/seasonal-factors"],"duration":17,"failing":false,"failureDetails":[],"failureMessages":[],"fullName":"GET /api/admin/pricing/seasonal-factors rejects non-admin callers with 403","invocations":1,"location":null,"numPassingAsserts":1,"retryReasons":[],"startAt":1777806835571,"status":"passed","title":"rejects non-admin callers with 403"},{"ancestorTitles":["GET /api/admin/pricing/seasonal-factors"],"duration":13,"failing":false,"failureDetails":[],"failureMessages":[],"fullName":"GET /api/admin/pricing/seasonal-factors returns the list of seasonal factors for admin (200)","invocations":1,"location":null,"numPassingAsserts":2,"retryReasons":[],"startAt":1777806835588,"status":"passed","title":"returns the list of seasonal factors for admin (200)"}],"endTime":1777806835605,"message":"","name":"C:\\Users\\Matas\\Documents\\GitHub\\ratai24\\__tests__\\integration\\admin-pricing.integration.test.js","startTime":1777806833627,"status":"passed","summary":""},{"assertionResults":[{"ancestorTitles":["POST /api/pricing/calculate"],"duration":80,"failing":false,"failureDetails":[],"failureMessages":[],"fullName":"POST /api/pricing/calculate rejects missing fields with 400","invocations":1,"location":null,"numPassingAsserts":2,"retryReasons":[],"startAt":1777806835385,"status":"passed","title":"rejects missing fields with 400"},{"ancestorTitles":["POST /api/pricing/calculate"],"duration":21,"failing":false,"failureDetails":[],"failureMessages":[],"fullName":"POST /api/pricing/calculate rejects a non-positive carId with 400","invocations":1,"location":null,"numPassingAsserts":1,"retryReasons":[],"startAt":1777806835466,"status":"passed","title":"rejects a non-positive carId with 400"},{"ancestorTitles":["POST /api/pricing/calculate"],"duration":8,"failing":false,"failureDetails":[],"failureMessages":[],"fullName":"POST /api/pricing/calculate rejects endDate ≤ startDate with 400","invocations":1,"location":null,"numPassingAsserts":2,"retryReasons":[],"startAt":1777806835487,"status":"passed","title":"rejects endDate ≤ startDate with 400"},{"ancestorTitles":["GET /api/pricing/preview/:carId"],"duration":12,"failing":false,"failureDetails":[],"failureMessages":[],"fullName":"GET /api/pricing/preview/:carId returns a price preview (200)","invocations":1,"location":null,"numPassingAsserts":5,"retryReasons":[],"startAt":1777806835495,"status":"passed","title":"returns a price preview (200)"},{"ancestorTitles":["GET /api/pricing/preview/:carId"],"duration":18,"failing":false,"failureDetails":[],"failureMessages":[],"fullName":"GET /api/pricing/preview/:carId rejects an invalid carId with 400","invocations":1,"location":null,"numPassingAsserts":1,"retryReasons":[],"startAt":1777806835508,"status":"passed","title":"rejects an invalid carId with 400"},{"ancestorTitles":["GET /api/pricing/loyalty"],"duration":42,"failing":false,"failureDetails":[],"failureMessages":[],"fullName":"GET /api/pricing/loyalty returns 401 without a token","invocations":1,"location":null,"numPassingAsserts":1,"retryReasons":[],"startAt":1777806835526,"status":"passed","title":"returns 401 without a token"},{"ancestorTitles":["GET /api/pricing/loyalty"],"duration":42,"failing":false,"failureDetails":[],"failureMessages":[],"fullName":"GET /api/pricing/loyalty returns a loyalty envelope for an authenticated user","invocations":1,"location":null,"numPassingAsserts":3,"retryReasons":[],"startAt":1777806835569,"status":"passed","title":"returns a loyalty envelope for an authenticated user"},{"ancestorTitles":["POST /api/pricing/calculate — static cars + loyalty"],"duration":48,"failing":false,"failureDetails":[],"failureMessages":[],"fullName":"POST /api/pricing/calculate — static cars + loyalty applies loyalty multiplier to fixed pricePerDay","invocations":1,"location":null,"numPassingAsserts":5,"retryReasons":[],"startAt":1777806835611,"status":"passed","title":"applies loyalty multiplier to fixed pricePerDay"},{"ancestorTitles":["POST /api/pricing/calculate — pricing rules query"],"duration":52,"failing":false,"failureDetails":[],"failureMessages":[],"fullName":"POST /api/pricing/calculate — pricing rules query scopes active rules by car/city/global AND rental date window","invocations":1,"location":null,"numPassingAsserts":4,"retryReasons":[],"startAt":1777806835660,"status":"passed","title":"scopes active rules by car/city/global AND rental date window"}],"endTime":1777806835715,"message":"","name":"C:\\Users\\Matas\\Documents\\GitHub\\ratai24\\__tests__\\integration\\pricing.integration.test.js","startTime":1777806833615,"status":"passed","summary":""},{"assertionResults":[{"ancestorTitles":["GET /contracts"],"duration":51,"failing":false,"failureDetails":[],"failureMessages":[],"fullName":"GET /contracts rejects unauthenticated requests with 401","invocations":1,"location":null,"numPassingAsserts":1,"retryReasons":[],"startAt":1777806835262,"status":"passed","title":"rejects unauthenticated requests with 401"},{"ancestorTitles":["GET /contracts"],"duration":15,"failing":false,"failureDetails":[],"failureMessages":[],"fullName":"GET /contracts rejects non-admin users with 403","invocations":1,"location":null,"numPassingAsserts":1,"retryReasons":[],"startAt":1777806835314,"status":"passed","title":"rejects non-admin users with 403"},{"ancestorTitles":["GET /contracts"],"duration":39,"failing":false,"failureDetails":[],"failureMessages":[],"fullName":"GET /contracts returns all contracts for admin (200)","invocations":1,"location":null,"numPassingAsserts":2,"retryReasons":[],"startAt":1777806835329,"status":"passed","title":"returns all contracts for admin (200)"},{"ancestorTitles":["GET /contracts/my"],"duration":24,"failing":false,"failureDetails":[],"failureMessages":[],"fullName":"GET /contracts/my returns 401 without a token","invocations":1,"location":null,"numPassingAsserts":1,"retryReasons":[],"startAt":1777806835368,"status":"passed","title":"returns 401 without a token"},{"ancestorTitles":["GET /contracts/my"],"duration":11,"failing":false,"failureDetails":[],"failureMessages":[],"fullName":"GET /contracts/my returns only the caller’s contracts (200)","invocations":1,"location":null,"numPassingAsserts":2,"retryReasons":[],"startAt":1777806835393,"status":"passed","title":"returns only the caller’s contracts (200)"},{"ancestorTitles":["POST /contracts"],"duration":23,"failing":false,"failureDetails":[],"failureMessages":[],"fullName":"POST /contracts rejects unauthenticated requests with 401","invocations":1,"location":null,"numPassingAsserts":1,"retryReasons":[],"startAt":1777806835405,"status":"passed","title":"rejects unauthenticated requests with 401"},{"ancestorTitles":["POST /contracts"],"duration":13,"failing":false,"failureDetails":[],"failureMessages":[],"fullName":"POST /contracts rejects invalid dates with 400 (endDate <= startDate)","invocations":1,"location":null,"numPassingAsserts":2,"retryReasons":[],"startAt":1777806835428,"status":"passed","title":"rejects invalid dates with 400 (endDate <= startDate)"},{"ancestorTitles":["POST /contracts"],"duration":15,"failing":false,"failureDetails":[],"failureMessages":[],"fullName":"POST /contracts returns 400 when the car does not exist","invocations":1,"location":null,"numPassingAsserts":2,"retryReasons":[],"startAt":1777806835441,"status":"passed","title":"returns 400 when the car does not exist"},{"ancestorTitles":["POST /contracts"],"duration":20,"failing":false,"failureDetails":[],"failureMessages":[],"fullName":"POST /contracts rejects when the calendar slot overlaps an existing reservation (400)","invocations":1,"location":null,"numPassingAsserts":2,"retryReasons":[],"startAt":1777806835456,"status":"passed","title":"rejects when the calendar slot overlaps an existing reservation (400)"},{"ancestorTitles":["POST /contracts"],"duration":15,"failing":false,"failureDetails":[],"failureMessages":[],"fullName":"POST /contracts creates a DRAFT reservation with static pricing (201)","invocations":1,"location":null,"numPassingAsserts":3,"retryReasons":[],"startAt":1777806835476,"status":"passed","title":"creates a DRAFT reservation with static pricing (201)"},{"ancestorTitles":["POST /contracts/:id/activate"],"duration":29,"failing":false,"failureDetails":[],"failureMessages":[],"fullName":"POST /contracts/:id/activate rejects non-admin callers with 403","invocations":1,"location":null,"numPassingAsserts":1,"retryReasons":[],"startAt":1777806835491,"status":"passed","title":"rejects non-admin callers with 403"},{"ancestorTitles":["POST /contracts/:id/activate"],"duration":24,"failing":false,"failureDetails":[],"failureMessages":[],"fullName":"POST /contracts/:id/activate returns 404 when the contract does not exist","invocations":1,"location":null,"numPassingAsserts":1,"retryReasons":[],"startAt":1777806835521,"status":"passed","title":"returns 404 when the contract does not exist"},{"ancestorTitles":["POST /contracts/:id/activate"],"duration":39,"failing":false,"failureDetails":[],"failureMessages":[],"fullName":"POST /contracts/:id/activate returns 409 when the contract is not in DRAFT state","invocations":1,"location":null,"numPassingAsserts":1,"retryReasons":[],"startAt":1777806835550,"status":"passed","title":"returns 409 when the contract is not in DRAFT state"},{"ancestorTitles":["POST /contracts/:id/activate"],"duration":21,"failing":false,"failureDetails":[],"failureMessages":[],"fullName":"POST /contracts/:id/activate activates a DRAFT contract and returns 200","invocations":1,"location":null,"numPassingAsserts":2,"retryReasons":[],"startAt":1777806835589,"status":"passed","title":"activates a DRAFT contract and returns 200"},{"ancestorTitles":["POST /contracts/:id/cancel"],"duration":51,"failing":false,"failureDetails":[],"failureMessages":[],"fullName":"POST /contracts/:id/cancel rejects other users trying to cancel another user’s contract (403)","invocations":1,"location":null,"numPassingAsserts":1,"retryReasons":[],"startAt":1777806835613,"status":"passed","title":"rejects other users trying to cancel another user’s contract (403)"},{"ancestorTitles":["POST /contracts/:id/cancel"],"duration":31,"failing":false,"failureDetails":[],"failureMessages":[],"fullName":"POST /contracts/:id/cancel returns 409 when the contract is already completed","invocations":1,"location":null,"numPassingAsserts":1,"retryReasons":[],"startAt":1777806835665,"status":"passed","title":"returns 409 when the contract is already completed"},{"ancestorTitles":["POST /contracts/:id/cancel"],"duration":29,"failing":false,"failureDetails":[],"failureMessages":[],"fullName":"POST /contracts/:id/cancel cancels a DRAFT contract owned by the caller (200)","invocations":1,"location":null,"numPassingAsserts":2,"retryReasons":[],"startAt":1777806835697,"status":"passed","title":"cancels a DRAFT contract owned by the caller (200)"}],"endTime":1777806835729,"message":"","name":"C:\\Users\\Matas\\Documents\\GitHub\\ratai24\\__tests__\\integration\\contracts.integration.test.js","startTime":1777806833616,"status":"passed","summary":""},{"assertionResults":[{"ancestorTitles":["GET /cars"],"duration":60,"failing":false,"failureDetails":[],"failureMessages":[],"fullName":"GET /cars returns the public list of cars (200)","invocations":1,"location":null,"numPassingAsserts":3,"retryReasons":[],"startAt":1777806835178,"status":"passed","title":"returns the public list of cars (200)"},{"ancestorTitles":["GET /cars"],"duration":31,"failing":false,"failureDetails":[],"failureMessages":[],"fullName":"GET /cars filters by cityId when provided (200)","invocations":1,"location":null,"numPassingAsserts":2,"retryReasons":[],"startAt":1777806835239,"status":"passed","title":"filters by cityId when provided (200)"},{"ancestorTitles":["GET /cars"],"duration":29,"failing":false,"failureDetails":[],"failureMessages":[],"fullName":"GET /cars rejects a non-integer cityId with 400","invocations":1,"location":null,"numPassingAsserts":2,"retryReasons":[],"startAt":1777806835270,"status":"passed","title":"rejects a non-integer cityId with 400"},{"ancestorTitles":["GET /cars/:id"],"duration":29,"failing":false,"failureDetails":[],"failureMessages":[],"fullName":"GET /cars/:id returns a single available car (200)","invocations":1,"location":null,"numPassingAsserts":2,"retryReasons":[],"startAt":1777806835300,"status":"passed","title":"returns a single available car (200)"},{"ancestorTitles":["GET /cars/:id"],"duration":22,"failing":false,"failureDetails":[],"failureMessages":[],"fullName":"GET /cars/:id returns 404 when the car is missing","invocations":1,"location":null,"numPassingAsserts":1,"retryReasons":[],"startAt":1777806835329,"status":"passed","title":"returns 404 when the car is missing"},{"ancestorTitles":["GET /cars/:id"],"duration":38,"failing":false,"failureDetails":[],"failureMessages":[],"fullName":"GET /cars/:id hides a MAINTENANCE car from non-admin callers (404)","invocations":1,"location":null,"numPassingAsserts":1,"retryReasons":[],"startAt":1777806835351,"status":"passed","title":"hides a MAINTENANCE car from non-admin callers (404)"},{"ancestorTitles":["GET /cars/:id"],"duration":22,"failing":false,"failureDetails":[],"failureMessages":[],"fullName":"GET /cars/:id returns 400 when id is not an integer","invocations":1,"location":null,"numPassingAsserts":1,"retryReasons":[],"startAt":1777806835389,"status":"passed","title":"returns 400 when id is not an integer"},{"ancestorTitles":["POST /cars"],"duration":36,"failing":false,"failureDetails":[],"failureMessages":[],"fullName":"POST /cars rejects unauthenticated requests with 401","invocations":1,"location":null,"numPassingAsserts":1,"retryReasons":[],"startAt":1777806835411,"status":"passed","title":"rejects unauthenticated requests with 401"},{"ancestorTitles":["POST /cars"],"duration":44,"failing":false,"failureDetails":[],"failureMessages":[],"fullName":"POST /cars rejects non-admin users with 403","invocations":1,"location":null,"numPassingAsserts":1,"retryReasons":[],"startAt":1777806835448,"status":"passed","title":"rejects non-admin users with 403"},{"ancestorTitles":["POST /cars"],"duration":22,"failing":false,"failureDetails":[],"failureMessages":[],"fullName":"POST /cars creates a car when admin sends valid data (201)","invocations":1,"location":null,"numPassingAsserts":3,"retryReasons":[],"startAt":1777806835499,"status":"passed","title":"creates a car when admin sends valid data (201)"},{"ancestorTitles":["POST /cars"],"duration":29,"failing":false,"failureDetails":[],"failureMessages":[],"fullName":"POST /cars rejects invalid VIN with 400","invocations":1,"location":null,"numPassingAsserts":2,"retryReasons":[],"startAt":1777806835521,"status":"passed","title":"rejects invalid VIN with 400"},{"ancestorTitles":["POST /cars"],"duration":20,"failing":false,"failureDetails":[],"failureMessages":[],"fullName":"POST /cars returns 409 on duplicate VIN","invocations":1,"location":null,"numPassingAsserts":2,"retryReasons":[],"startAt":1777806835550,"status":"passed","title":"returns 409 on duplicate VIN"},{"ancestorTitles":["PUT /cars/:id"],"duration":25,"failing":false,"failureDetails":[],"failureMessages":[],"fullName":"PUT /cars/:id rejects non-admin users with 403","invocations":1,"location":null,"numPassingAsserts":1,"retryReasons":[],"startAt":1777806835570,"status":"passed","title":"rejects non-admin users with 403"},{"ancestorTitles":["PUT /cars/:id"],"duration":21,"failing":false,"failureDetails":[],"failureMessages":[],"fullName":"PUT /cars/:id updates a car when admin sends valid data (200)","invocations":1,"location":null,"numPassingAsserts":2,"retryReasons":[],"startAt":1777806835595,"status":"passed","title":"updates a car when admin sends valid data (200)"},{"ancestorTitles":["DELETE /cars/:id"],"duration":43,"failing":false,"failureDetails":[],"failureMessages":[],"fullName":"DELETE /cars/:id rejects non-admin users with 403","invocations":1,"location":null,"numPassingAsserts":1,"retryReasons":[],"startAt":1777806835617,"status":"passed","title":"rejects non-admin users with 403"},{"ancestorTitles":["DELETE /cars/:id"],"duration":14,"failing":false,"failureDetails":[],"failureMessages":[],"fullName":"DELETE /cars/:id returns 404 when deleting a non-existent car","invocations":1,"location":null,"numPassingAsserts":1,"retryReasons":[],"startAt":1777806835661,"status":"passed","title":"returns 404 when deleting a non-existent car"},{"ancestorTitles":["DELETE /cars/:id"],"duration":41,"failing":false,"failureDetails":[],"failureMessages":[],"fullName":"DELETE /cars/:id deletes a car when admin sends a valid id (200)","invocations":1,"location":null,"numPassingAsserts":3,"retryReasons":[],"startAt":1777806835676,"status":"passed","title":"deletes a car when admin sends a valid id (200)"}],"endTime":1777806835739,"message":"","name":"C:\\Users\\Matas\\Documents\\GitHub\\ratai24\\__tests__\\integration\\cars.integration.test.js","startTime":1777806833607,"status":"passed","summary":""},{"assertionResults":[{"ancestorTitles":["GET /users/me"],"duration":110,"failing":false,"failureDetails":[],"failureMessages":[],"fullName":"GET /users/me rejects unauthenticated requests with 401","invocations":1,"location":null,"numPassingAsserts":1,"retryReasons":[],"startAt":1777806835187,"status":"passed","title":"rejects unauthenticated requests with 401"},{"ancestorTitles":["GET /users/me"],"duration":42,"failing":false,"failureDetails":[],"failureMessages":[],"fullName":"GET /users/me returns the current user profile (200)","invocations":1,"location":null,"numPassingAsserts":2,"retryReasons":[],"startAt":1777806835297,"status":"passed","title":"returns the current user profile (200)"},{"ancestorTitles":["GET /users/me"],"duration":12,"failing":false,"failureDetails":[],"failureMessages":[],"fullName":"GET /users/me returns 404 when the caller’s user record has been deleted","invocations":1,"location":null,"numPassingAsserts":1,"retryReasons":[],"startAt":1777806835339,"status":"passed","title":"returns 404 when the caller’s user record has been deleted"},{"ancestorTitles":["PUT /users/me"],"duration":40,"failing":false,"failureDetails":[],"failureMessages":[],"fullName":"PUT /users/me rejects role change attempts with 400","invocations":1,"location":null,"numPassingAsserts":2,"retryReasons":[],"startAt":1777806835351,"status":"passed","title":"rejects role change attempts with 400"},{"ancestorTitles":["GET /users (admin)"],"duration":10,"failing":false,"failureDetails":[],"failureMessages":[],"fullName":"GET /users (admin) rejects unauthenticated requests with 401","invocations":1,"location":null,"numPassingAsserts":1,"retryReasons":[],"startAt":1777806835391,"status":"passed","title":"rejects unauthenticated requests with 401"},{"ancestorTitles":["GET /users (admin)"],"duration":12,"failing":false,"failureDetails":[],"failureMessages":[],"fullName":"GET /users (admin) rejects non-admin callers with 403","invocations":1,"location":null,"numPassingAsserts":1,"retryReasons":[],"startAt":1777806835401,"status":"passed","title":"rejects non-admin callers with 403"},{"ancestorTitles":["GET /users (admin)"],"duration":12,"failing":false,"failureDetails":[],"failureMessages":[],"fullName":"GET /users (admin) returns a list of users when called by admin (200)","invocations":1,"location":null,"numPassingAsserts":2,"retryReasons":[],"startAt":1777806835413,"status":"passed","title":"returns a list of users when called by admin (200)"},{"ancestorTitles":["POST /users (admin)"],"duration":132,"failing":false,"failureDetails":[],"failureMessages":[],"fullName":"POST /users (admin) creates a new user (201)","invocations":1,"location":null,"numPassingAsserts":2,"retryReasons":[],"startAt":1777806835425,"status":"passed","title":"creates a new user (201)"},{"ancestorTitles":["POST /users (admin)"],"duration":13,"failing":false,"failureDetails":[],"failureMessages":[],"fullName":"POST /users (admin) rejects weak passwords with 400","invocations":1,"location":null,"numPassingAsserts":1,"retryReasons":[],"startAt":1777806835558,"status":"passed","title":"rejects weak passwords with 400"},{"ancestorTitles":["POST /users (admin)"],"duration":102,"failing":false,"failureDetails":[],"failureMessages":[],"fullName":"POST /users (admin) returns 409 when the email already exists","invocations":1,"location":null,"numPassingAsserts":1,"retryReasons":[],"startAt":1777806835571,"status":"passed","title":"returns 409 when the email already exists"},{"ancestorTitles":["DELETE /users/:id (admin)"],"duration":31,"failing":false,"failureDetails":[],"failureMessages":[],"fullName":"DELETE /users/:id (admin) rejects non-admin callers with 403","invocations":1,"location":null,"numPassingAsserts":1,"retryReasons":[],"startAt":1777806835674,"status":"passed","title":"rejects non-admin callers with 403"},{"ancestorTitles":["DELETE /users/:id (admin)"],"duration":41,"failing":false,"failureDetails":[],"failureMessages":[],"fullName":"DELETE /users/:id (admin) refuses to let an admin delete their own account (400)","invocations":1,"location":null,"numPassingAsserts":2,"retryReasons":[],"startAt":1777806835705,"status":"passed","title":"refuses to let an admin delete their own account (400)"},{"ancestorTitles":["DELETE /users/:id (admin)"],"duration":9,"failing":false,"failureDetails":[],"failureMessages":[],"fullName":"DELETE /users/:id (admin) deletes another user when admin sends a valid id (204)","invocations":1,"location":null,"numPassingAsserts":2,"retryReasons":[],"startAt":1777806835747,"status":"passed","title":"deletes another user when admin sends a valid id (204)"}],"endTime":1777806835759,"message":"","name":"C:\\Users\\Matas\\Documents\\GitHub\\ratai24\\__tests__\\integration\\users.integration.test.js","startTime":1777806833604,"status":"passed","summary":""},{"assertionResults":[{"ancestorTitles":["calculateUtilizationMultiplierForCar"],"duration":3,"failing":false,"failureDetails":[],"failureMessages":[],"fullName":"calculateUtilizationMultiplierForCar returns 1.0 when car is null","invocations":1,"location":null,"numPassingAsserts":1,"retryReasons":[],"startAt":1777806835862,"status":"passed","title":"returns 1.0 when car is null"},{"ancestorTitles":["calculateUtilizationMultiplierForCar"],"duration":1,"failing":false,"failureDetails":[],"failureMessages":[],"fullName":"calculateUtilizationMultiplierForCar returns 1.0 when applyUtilizationPricing is false","invocations":1,"location":null,"numPassingAsserts":1,"retryReasons":[],"startAt":1777806835866,"status":"passed","title":"returns 1.0 when applyUtilizationPricing is false"},{"ancestorTitles":["calculateUtilizationMultiplierForCar"],"duration":0,"failing":false,"failureDetails":[],"failureMessages":[],"fullName":"calculateUtilizationMultiplierForCar respects a valid utilizationMultiplierOverride","invocations":1,"location":null,"numPassingAsserts":1,"retryReasons":[],"startAt":1777806835867,"status":"passed","title":"respects a valid utilizationMultiplierOverride"},{"ancestorTitles":["calculateUtilizationMultiplierForCar"],"duration":0,"failing":false,"failureDetails":[],"failureMessages":[],"fullName":"calculateUtilizationMultiplierForCar ignores an out-of-range override and falls through to rate logic","invocations":1,"location":null,"numPassingAsserts":1,"retryReasons":[],"startAt":1777806835868,"status":"passed","title":"ignores an out-of-range override and falls through to rate logic"},{"ancestorTitles":["calculateUtilizationMultiplierForCar"],"duration":0,"failing":false,"failureDetails":[],"failureMessages":[],"fullName":"calculateUtilizationMultiplierForCar returns 1.0 when utilizationRate is null/undefined","invocations":1,"location":null,"numPassingAsserts":2,"retryReasons":[],"startAt":1777806835869,"status":"passed","title":"returns 1.0 when utilizationRate is null/undefined"},{"ancestorTitles":["calculateUtilizationMultiplierForCar"],"duration":3,"failing":false,"failureDetails":[],"failureMessages":[],"fullName":"calculateUtilizationMultiplierForCar utilizationRate 0.1 → multiplier 0.9","invocations":1,"location":null,"numPassingAsserts":1,"retryReasons":[],"startAt":1777806835870,"status":"passed","title":"utilizationRate 0.1 → multiplier 0.9"},{"ancestorTitles":["calculateUtilizationMultiplierForCar"],"duration":1,"failing":false,"failureDetails":[],"failureMessages":[],"fullName":"calculateUtilizationMultiplierForCar utilizationRate 0.29 → multiplier 0.9","invocations":1,"location":null,"numPassingAsserts":1,"retryReasons":[],"startAt":1777806835873,"status":"passed","title":"utilizationRate 0.29 → multiplier 0.9"},{"ancestorTitles":["calculateUtilizationMultiplierForCar"],"duration":0,"failing":false,"failureDetails":[],"failureMessages":[],"fullName":"calculateUtilizationMultiplierForCar utilizationRate 0.3 → multiplier 0.95","invocations":1,"location":null,"numPassingAsserts":1,"retryReasons":[],"startAt":1777806835874,"status":"passed","title":"utilizationRate 0.3 → multiplier 0.95"},{"ancestorTitles":["calculateUtilizationMultiplierForCar"],"duration":8,"failing":false,"failureDetails":[],"failureMessages":[],"fullName":"calculateUtilizationMultiplierForCar utilizationRate 0.49 → multiplier 0.95","invocations":1,"location":null,"numPassingAsserts":1,"retryReasons":[],"startAt":1777806835874,"status":"passed","title":"utilizationRate 0.49 → multiplier 0.95"},{"ancestorTitles":["calculateUtilizationMultiplierForCar"],"duration":0,"failing":false,"failureDetails":[],"failureMessages":[],"fullName":"calculateUtilizationMultiplierForCar utilizationRate 0.5 → multiplier 1","invocations":1,"location":null,"numPassingAsserts":1,"retryReasons":[],"startAt":1777806835882,"status":"passed","title":"utilizationRate 0.5 → multiplier 1"},{"ancestorTitles":["calculateUtilizationMultiplierForCar"],"duration":1,"failing":false,"failureDetails":[],"failureMessages":[],"fullName":"calculateUtilizationMultiplierForCar utilizationRate 0.74 → multiplier 1","invocations":1,"location":null,"numPassingAsserts":1,"retryReasons":[],"startAt":1777806835882,"status":"passed","title":"utilizationRate 0.74 → multiplier 1"},{"ancestorTitles":["calculateUtilizationMultiplierForCar"],"duration":0,"failing":false,"failureDetails":[],"failureMessages":[],"fullName":"calculateUtilizationMultiplierForCar utilizationRate 0.76 → multiplier 1.05","invocations":1,"location":null,"numPassingAsserts":1,"retryReasons":[],"startAt":1777806835883,"status":"passed","title":"utilizationRate 0.76 → multiplier 1.05"},{"ancestorTitles":["calculateUtilizationMultiplierForCar"],"duration":1,"failing":false,"failureDetails":[],"failureMessages":[],"fullName":"calculateUtilizationMultiplierForCar utilizationRate 0.9 → multiplier 1.05","invocations":1,"location":null,"numPassingAsserts":1,"retryReasons":[],"startAt":1777806835883,"status":"passed","title":"utilizationRate 0.9 → multiplier 1.05"},{"ancestorTitles":["calculateUtilizationMultiplierForCar"],"duration":0,"failing":false,"failureDetails":[],"failureMessages":[],"fullName":"calculateUtilizationMultiplierForCar utilizationRate 0.91 → multiplier 1.1","invocations":1,"location":null,"numPassingAsserts":1,"retryReasons":[],"startAt":1777806835884,"status":"passed","title":"utilizationRate 0.91 → multiplier 1.1"},{"ancestorTitles":["calculateUtilizationMultiplierForCar"],"duration":0,"failing":false,"failureDetails":[],"failureMessages":[],"fullName":"calculateUtilizationMultiplierForCar utilizationRate 1 → multiplier 1.1","invocations":1,"location":null,"numPassingAsserts":1,"retryReasons":[],"startAt":1777806835884,"status":"passed","title":"utilizationRate 1 → multiplier 1.1"},{"ancestorTitles":["calculateUtilizationMultiplier (Prisma)"],"duration":3,"failing":false,"failureDetails":[],"failureMessages":[],"fullName":"calculateUtilizationMultiplier (Prisma) reads the car and delegates to the pure helper","invocations":1,"location":null,"numPassingAsserts":2,"retryReasons":[],"startAt":1777806835884,"status":"passed","title":"reads the car and delegates to the pure helper"},{"ancestorTitles":["calculateUtilizationMultiplier (Prisma)"],"duration":1,"failing":false,"failureDetails":[],"failureMessages":[],"fullName":"calculateUtilizationMultiplier (Prisma) returns 1.0 when Prisma throws","invocations":1,"location":null,"numPassingAsserts":1,"retryReasons":[],"startAt":1777806835887,"status":"passed","title":"returns 1.0 when Prisma throws"},{"ancestorTitles":["updateCarUtilizationRate"],"duration":3,"failing":false,"failureDetails":[],"failureMessages":[],"fullName":"updateCarUtilizationRate resets rate to 0 when there are no contracts","invocations":1,"location":null,"numPassingAsserts":2,"retryReasons":[],"startAt":1777806835888,"status":"passed","title":"resets rate to 0 when there are no contracts"},{"ancestorTitles":["updateCarUtilizationRate"],"duration":1,"failing":false,"failureDetails":[],"failureMessages":[],"fullName":"updateCarUtilizationRate computes a non-zero utilization rate from contract history","invocations":1,"location":null,"numPassingAsserts":2,"retryReasons":[],"startAt":1777806835891,"status":"passed","title":"computes a non-zero utilization rate from contract history"},{"ancestorTitles":["updateCarUtilizationRate"],"duration":0,"failing":false,"failureDetails":[],"failureMessages":[],"fullName":"updateCarUtilizationRate returns 0 and swallows errors","invocations":1,"location":null,"numPassingAsserts":1,"retryReasons":[],"startAt":1777806835892,"status":"passed","title":"returns 0 and swallows errors"},{"ancestorTitles":["getMaintenanceMultiplier"],"duration":1,"failing":false,"failureDetails":[],"failureMessages":[],"fullName":"getMaintenanceMultiplier returns 1.0 when maintenanceScore is missing","invocations":1,"location":null,"numPassingAsserts":1,"retryReasons":[],"startAt":1777806835892,"status":"passed","title":"returns 1.0 when maintenanceScore is missing"},{"ancestorTitles":["getMaintenanceMultiplier"],"duration":0,"failing":false,"failureDetails":[],"failureMessages":[],"fullName":"getMaintenanceMultiplier score 100 → multiplier 1.05","invocations":1,"location":null,"numPassingAsserts":1,"retryReasons":[],"startAt":1777806835893,"status":"passed","title":"score 100 → multiplier 1.05"},{"ancestorTitles":["getMaintenanceMultiplier"],"duration":1,"failing":false,"failureDetails":[],"failureMessages":[],"fullName":"getMaintenanceMultiplier score 95 → multiplier 1.05","invocations":1,"location":null,"numPassingAsserts":1,"retryReasons":[],"startAt":1777806835893,"status":"passed","title":"score 95 → multiplier 1.05"},{"ancestorTitles":["getMaintenanceMultiplier"],"duration":0,"failing":false,"failureDetails":[],"failureMessages":[],"fullName":"getMaintenanceMultiplier score 90 → multiplier 1","invocations":1,"location":null,"numPassingAsserts":1,"retryReasons":[],"startAt":1777806835894,"status":"passed","title":"score 90 → multiplier 1"},{"ancestorTitles":["getMaintenanceMultiplier"],"duration":0,"failing":false,"failureDetails":[],"failureMessages":[],"fullName":"getMaintenanceMultiplier score 85 → multiplier 1","invocations":1,"location":null,"numPassingAsserts":1,"retryReasons":[],"startAt":1777806835894,"status":"passed","title":"score 85 → multiplier 1"},{"ancestorTitles":["getMaintenanceMultiplier"],"duration":0,"failing":false,"failureDetails":[],"failureMessages":[],"fullName":"getMaintenanceMultiplier score 80 → multiplier 0.95","invocations":1,"location":null,"numPassingAsserts":1,"retryReasons":[],"startAt":1777806835895,"status":"passed","title":"score 80 → multiplier 0.95"},{"ancestorTitles":["getMaintenanceMultiplier"],"duration":0,"failing":false,"failureDetails":[],"failureMessages":[],"fullName":"getMaintenanceMultiplier score 70 → multiplier 0.95","invocations":1,"location":null,"numPassingAsserts":1,"retryReasons":[],"startAt":1777806835895,"status":"passed","title":"score 70 → multiplier 0.95"},{"ancestorTitles":["getMaintenanceMultiplier"],"duration":0,"failing":false,"failureDetails":[],"failureMessages":[],"fullName":"getMaintenanceMultiplier score 60 → multiplier 0.85","invocations":1,"location":null,"numPassingAsserts":1,"retryReasons":[],"startAt":1777806835895,"status":"passed","title":"score 60 → multiplier 0.85"},{"ancestorTitles":["getMaintenanceMultiplier"],"duration":1,"failing":false,"failureDetails":[],"failureMessages":[],"fullName":"getMaintenanceMultiplier score 1 → multiplier 0.85","invocations":1,"location":null,"numPassingAsserts":1,"retryReasons":[],"startAt":1777806835895,"status":"passed","title":"score 1 → multiplier 0.85"}],"endTime":1777806835898,"message":"","name":"C:\\Users\\Matas\\Documents\\GitHub\\ratai24\\__tests__\\unit\\pricing\\utilization.calculator.test.js","startTime":1777806835749,"status":"passed","summary":""},{"assertionResults":[{"ancestorTitles":["HttpError"],"duration":6,"failing":false,"failureDetails":[],"failureMessages":[],"fullName":"HttpError exposes status, message and details","invocations":1,"location":null,"numPassingAsserts":4,"retryReasons":[],"startAt":1777806835833,"status":"passed","title":"exposes status, message and details"},{"ancestorTitles":["HttpError factory helpers"],"duration":1,"failing":false,"failureDetails":[],"failureMessages":[],"fullName":"HttpError factory helpers notFound defaults to 404 \"Not Found\"","invocations":1,"location":null,"numPassingAsserts":2,"retryReasons":[],"startAt":1777806835840,"status":"passed","title":"notFound defaults to 404 \"Not Found\""},{"ancestorTitles":["HttpError factory helpers"],"duration":0,"failing":false,"failureDetails":[],"failureMessages":[],"fullName":"HttpError factory helpers notFound accepts a custom message","invocations":1,"location":null,"numPassingAsserts":1,"retryReasons":[],"startAt":1777806835841,"status":"passed","title":"notFound accepts a custom message"},{"ancestorTitles":["HttpError factory helpers"],"duration":0,"failing":false,"failureDetails":[],"failureMessages":[],"fullName":"HttpError factory helpers badRequest defaults to 400 with optional details","invocations":1,"location":null,"numPassingAsserts":3,"retryReasons":[],"startAt":1777806835842,"status":"passed","title":"badRequest defaults to 400 with optional details"},{"ancestorTitles":["HttpError factory helpers"],"duration":1,"failing":false,"failureDetails":[],"failureMessages":[],"fullName":"HttpError factory helpers unprocessable defaults to 422","invocations":1,"location":null,"numPassingAsserts":2,"retryReasons":[],"startAt":1777806835842,"status":"passed","title":"unprocessable defaults to 422"},{"ancestorTitles":["errorHandler middleware"],"duration":6,"failing":false,"failureDetails":[],"failureMessages":[],"fullName":"errorHandler middleware handles HttpError instances and forwards details","invocations":1,"location":null,"numPassingAsserts":2,"retryReasons":[],"startAt":1777806835843,"status":"passed","title":"handles HttpError instances and forwards details"},{"ancestorTitles":["errorHandler middleware"],"duration":1,"failing":false,"failureDetails":[],"failureMessages":[],"fullName":"errorHandler middleware handles HttpError without details","invocations":1,"location":null,"numPassingAsserts":2,"retryReasons":[],"startAt":1777806835849,"status":"passed","title":"handles HttpError without details"},{"ancestorTitles":["errorHandler middleware","Prisma error translation"],"duration":1,"failing":false,"failureDetails":[],"failureMessages":[],"fullName":"errorHandler middleware Prisma error translation P1000 → HTTP 503 with body.error \"Database authentication failed\"","invocations":1,"location":null,"numPassingAsserts":2,"retryReasons":[],"startAt":1777806835850,"status":"passed","title":"P1000 → HTTP 503 with body.error \"Database authentication failed\""},{"ancestorTitles":["errorHandler middleware","Prisma error translation"],"duration":1,"failing":false,"failureDetails":[],"failureMessages":[],"fullName":"errorHandler middleware Prisma error translation P1001 → HTTP 503 with body.error \"Cannot reach database server\"","invocations":1,"location":null,"numPassingAsserts":2,"retryReasons":[],"startAt":1777806835851,"status":"passed","title":"P1001 → HTTP 503 with body.error \"Cannot reach database server\""},{"ancestorTitles":["errorHandler middleware","Prisma error translation"],"duration":5,"failing":false,"failureDetails":[],"failureMessages":[],"fullName":"errorHandler middleware Prisma error translation P1002 → HTTP 503 with body.error \"Database connection timeout\"","invocations":1,"location":null,"numPassingAsserts":2,"retryReasons":[],"startAt":1777806835852,"status":"passed","title":"P1002 → HTTP 503 with body.error \"Database connection timeout\""},{"ancestorTitles":["errorHandler middleware","Prisma error translation"],"duration":0,"failing":false,"failureDetails":[],"failureMessages":[],"fullName":"errorHandler middleware Prisma error translation P1003 → HTTP 503 with body.error \"Database does not exist\"","invocations":1,"location":null,"numPassingAsserts":2,"retryReasons":[],"startAt":1777806835858,"status":"passed","title":"P1003 → HTTP 503 with body.error \"Database does not exist\""},{"ancestorTitles":["errorHandler middleware","Prisma error translation"],"duration":1,"failing":false,"failureDetails":[],"failureMessages":[],"fullName":"errorHandler middleware Prisma error translation P1008 → HTTP 503 with body.error \"Database operation timeout\"","invocations":1,"location":null,"numPassingAsserts":2,"retryReasons":[],"startAt":1777806835858,"status":"passed","title":"P1008 → HTTP 503 with body.error \"Database operation timeout\""},{"ancestorTitles":["errorHandler middleware","Prisma error translation"],"duration":2,"failing":false,"failureDetails":[],"failureMessages":[],"fullName":"errorHandler middleware Prisma error translation P1009 → HTTP 503 with body.error \"Database already exists\"","invocations":1,"location":null,"numPassingAsserts":2,"retryReasons":[],"startAt":1777806835860,"status":"passed","title":"P1009 → HTTP 503 with body.error \"Database already exists\""},{"ancestorTitles":["errorHandler middleware","Prisma error translation"],"duration":1,"failing":false,"failureDetails":[],"failureMessages":[],"fullName":"errorHandler middleware Prisma error translation P1010 → HTTP 403 with body.error \"Access denied\"","invocations":1,"location":null,"numPassingAsserts":2,"retryReasons":[],"startAt":1777806835863,"status":"passed","title":"P1010 → HTTP 403 with body.error \"Access denied\""},{"ancestorTitles":["errorHandler middleware","Prisma error translation"],"duration":11,"failing":false,"failureDetails":[],"failureMessages":[],"fullName":"errorHandler middleware Prisma error translation P1011 → HTTP 503 with body.error \"TLS connection error\"","invocations":1,"location":null,"numPassingAsserts":2,"retryReasons":[],"startAt":1777806835864,"status":"passed","title":"P1011 → HTTP 503 with body.error \"TLS connection error\""},{"ancestorTitles":["errorHandler middleware","Prisma error translation"],"duration":1,"failing":false,"failureDetails":[],"failureMessages":[],"fullName":"errorHandler middleware Prisma error translation P1012 → HTTP 400 with body.error \"Schema validation error\"","invocations":1,"location":null,"numPassingAsserts":2,"retryReasons":[],"startAt":1777806835875,"status":"passed","title":"P1012 → HTTP 400 with body.error \"Schema validation error\""},{"ancestorTitles":["errorHandler middleware","Prisma error translation"],"duration":3,"failing":false,"failureDetails":[],"failureMessages":[],"fullName":"errorHandler middleware Prisma error translation P1013 → HTTP 400 with body.error \"Invalid database string\"","invocations":1,"location":null,"numPassingAsserts":2,"retryReasons":[],"startAt":1777806835876,"status":"passed","title":"P1013 → HTTP 400 with body.error \"Invalid database string\""},{"ancestorTitles":["errorHandler middleware","Prisma error translation"],"duration":1,"failing":false,"failureDetails":[],"failureMessages":[],"fullName":"errorHandler middleware Prisma error translation P1014 → HTTP 400 with body.error \"Model does not exist\"","invocations":1,"location":null,"numPassingAsserts":2,"retryReasons":[],"startAt":1777806835879,"status":"passed","title":"P1014 → HTTP 400 with body.error \"Model does not exist\""},{"ancestorTitles":["errorHandler middleware","Prisma error translation"],"duration":1,"failing":false,"failureDetails":[],"failureMessages":[],"fullName":"errorHandler middleware Prisma error translation P1015 → HTTP 503 with body.error \"Unsupported Prisma schema\"","invocations":1,"location":null,"numPassingAsserts":2,"retryReasons":[],"startAt":1777806835880,"status":"passed","title":"P1015 → HTTP 503 with body.error \"Unsupported Prisma schema\""},{"ancestorTitles":["errorHandler middleware","Prisma error translation"],"duration":1,"failing":false,"failureDetails":[],"failureMessages":[],"fullName":"errorHandler middleware Prisma error translation P1016 → HTTP 400 with body.error \"Incorrect number of parameters\"","invocations":1,"location":null,"numPassingAsserts":2,"retryReasons":[],"startAt":1777806835882,"status":"passed","title":"P1016 → HTTP 400 with body.error \"Incorrect number of parameters\""},{"ancestorTitles":["errorHandler middleware","Prisma error translation"],"duration":1,"failing":false,"failureDetails":[],"failureMessages":[],"fullName":"errorHandler middleware Prisma error translation P1017 → HTTP 503 with body.error \"Server has closed the connection\"","invocations":1,"location":null,"numPassingAsserts":2,"retryReasons":[],"startAt":1777806835884,"status":"passed","title":"P1017 → HTTP 503 with body.error \"Server has closed the connection\""},{"ancestorTitles":["errorHandler middleware","Prisma error translation"],"duration":1,"failing":false,"failureDetails":[],"failureMessages":[],"fullName":"errorHandler middleware Prisma error translation P2000 → HTTP 400 with body.error \"Value too long for column\"","invocations":1,"location":null,"numPassingAsserts":2,"retryReasons":[],"startAt":1777806835887,"status":"passed","title":"P2000 → HTTP 400 with body.error \"Value too long for column\""},{"ancestorTitles":["errorHandler middleware","Prisma error translation"],"duration":0,"failing":false,"failureDetails":[],"failureMessages":[],"fullName":"errorHandler middleware Prisma error translation P2001 → HTTP 404 with body.error \"Record not found\"","invocations":1,"location":null,"numPassingAsserts":2,"retryReasons":[],"startAt":1777806835888,"status":"passed","title":"P2001 → HTTP 404 with body.error \"Record not found\""},{"ancestorTitles":["errorHandler middleware","Prisma error translation"],"duration":1,"failing":false,"failureDetails":[],"failureMessages":[],"fullName":"errorHandler middleware Prisma error translation P2004 → HTTP 400 with body.error \"Constraint violation\"","invocations":1,"location":null,"numPassingAsserts":2,"retryReasons":[],"startAt":1777806835888,"status":"passed","title":"P2004 → HTTP 400 with body.error \"Constraint violation\""},{"ancestorTitles":["errorHandler middleware","Prisma error translation"],"duration":0,"failing":false,"failureDetails":[],"failureMessages":[],"fullName":"errorHandler middleware Prisma error translation P2005 → HTTP 400 with body.error \"Invalid value for field type\"","invocations":1,"location":null,"numPassingAsserts":2,"retryReasons":[],"startAt":1777806835889,"status":"passed","title":"P2005 → HTTP 400 with body.error \"Invalid value for field type\""},{"ancestorTitles":["errorHandler middleware","Prisma error translation"],"duration":1,"failing":false,"failureDetails":[],"failureMessages":[],"fullName":"errorHandler middleware Prisma error translation P2006 → HTTP 400 with body.error \"Invalid value provided\"","invocations":1,"location":null,"numPassingAsserts":2,"retryReasons":[],"startAt":1777806835889,"status":"passed","title":"P2006 → HTTP 400 with body.error \"Invalid value provided\""},{"ancestorTitles":["errorHandler middleware","Prisma error translation"],"duration":1,"failing":false,"failureDetails":[],"failureMessages":[],"fullName":"errorHandler middleware Prisma error translation P2007 → HTTP 400 with body.error \"Data validation error\"","invocations":1,"location":null,"numPassingAsserts":2,"retryReasons":[],"startAt":1777806835890,"status":"passed","title":"P2007 → HTTP 400 with body.error \"Data validation error\""},{"ancestorTitles":["errorHandler middleware","Prisma error translation"],"duration":1,"failing":false,"failureDetails":[],"failureMessages":[],"fullName":"errorHandler middleware Prisma error translation P2008 → HTTP 400 with body.error \"Failed to parse query\"","invocations":1,"location":null,"numPassingAsserts":2,"retryReasons":[],"startAt":1777806835891,"status":"passed","title":"P2008 → HTTP 400 with body.error \"Failed to parse query\""},{"ancestorTitles":["errorHandler middleware","Prisma error translation"],"duration":1,"failing":false,"failureDetails":[],"failureMessages":[],"fullName":"errorHandler middleware Prisma error translation P2009 → HTTP 400 with body.error \"Failed to validate query\"","invocations":1,"location":null,"numPassingAsserts":2,"retryReasons":[],"startAt":1777806835892,"status":"passed","title":"P2009 → HTTP 400 with body.error \"Failed to validate query\""},{"ancestorTitles":["errorHandler middleware","Prisma error translation"],"duration":0,"failing":false,"failureDetails":[],"failureMessages":[],"fullName":"errorHandler middleware Prisma error translation P2010 → HTTP 500 with body.error \"Raw query failed\"","invocations":1,"location":null,"numPassingAsserts":2,"retryReasons":[],"startAt":1777806835893,"status":"passed","title":"P2010 → HTTP 500 with body.error \"Raw query failed\""},{"ancestorTitles":["errorHandler middleware","Prisma error translation"],"duration":1,"failing":false,"failureDetails":[],"failureMessages":[],"fullName":"errorHandler middleware Prisma error translation P2011 → HTTP 400 with body.error \"Null constraint violation\"","invocations":1,"location":null,"numPassingAsserts":2,"retryReasons":[],"startAt":1777806835893,"status":"passed","title":"P2011 → HTTP 400 with body.error \"Null constraint violation\""},{"ancestorTitles":["errorHandler middleware","Prisma error translation"],"duration":0,"failing":false,"failureDetails":[],"failureMessages":[],"fullName":"errorHandler middleware Prisma error translation P2012 → HTTP 400 with body.error \"Missing required value\"","invocations":1,"location":null,"numPassingAsserts":2,"retryReasons":[],"startAt":1777806835895,"status":"passed","title":"P2012 → HTTP 400 with body.error \"Missing required value\""},{"ancestorTitles":["errorHandler middleware","Prisma error translation"],"duration":1,"failing":false,"failureDetails":[],"failureMessages":[],"fullName":"errorHandler middleware Prisma error translation P2013 → HTTP 400 with body.error \"Missing required argument\"","invocations":1,"location":null,"numPassingAsserts":2,"retryReasons":[],"startAt":1777806835895,"status":"passed","title":"P2013 → HTTP 400 with body.error \"Missing required argument\""},{"ancestorTitles":["errorHandler middleware","Prisma error translation"],"duration":0,"failing":false,"failureDetails":[],"failureMessages":[],"fullName":"errorHandler middleware Prisma error translation P2014 → HTTP 400 with body.error \"Relation violation\"","invocations":1,"location":null,"numPassingAsserts":2,"retryReasons":[],"startAt":1777806835896,"status":"passed","title":"P2014 → HTTP 400 with body.error \"Relation violation\""},{"ancestorTitles":["errorHandler middleware","Prisma error translation"],"duration":1,"failing":false,"failureDetails":[],"failureMessages":[],"fullName":"errorHandler middleware Prisma error translation P2015 → HTTP 404 with body.error \"Related record not found\"","invocations":1,"location":null,"numPassingAsserts":2,"retryReasons":[],"startAt":1777806835896,"status":"passed","title":"P2015 → HTTP 404 with body.error \"Related record not found\""},{"ancestorTitles":["errorHandler middleware","Prisma error translation"],"duration":0,"failing":false,"failureDetails":[],"failureMessages":[],"fullName":"errorHandler middleware Prisma error translation P2016 → HTTP 400 with body.error \"Query interpretation error\"","invocations":1,"location":null,"numPassingAsserts":2,"retryReasons":[],"startAt":1777806835897,"status":"passed","title":"P2016 → HTTP 400 with body.error \"Query interpretation error\""},{"ancestorTitles":["errorHandler middleware","Prisma error translation"],"duration":1,"failing":false,"failureDetails":[],"failureMessages":[],"fullName":"errorHandler middleware Prisma error translation P2017 → HTTP 400 with body.error \"Records not connected\"","invocations":1,"location":null,"numPassingAsserts":2,"retryReasons":[],"startAt":1777806835897,"status":"passed","title":"P2017 → HTTP 400 with body.error \"Records not connected\""},{"ancestorTitles":["errorHandler middleware","Prisma error translation"],"duration":0,"failing":false,"failureDetails":[],"failureMessages":[],"fullName":"errorHandler middleware Prisma error translation P2018 → HTTP 400 with body.error \"Required connected records not found\"","invocations":1,"location":null,"numPassingAsserts":2,"retryReasons":[],"startAt":1777806835898,"status":"passed","title":"P2018 → HTTP 400 with body.error \"Required connected records not found\""},{"ancestorTitles":["errorHandler middleware","Prisma error translation"],"duration":1,"failing":false,"failureDetails":[],"failureMessages":[],"fullName":"errorHandler middleware Prisma error translation P2019 → HTTP 400 with body.error \"Input error\"","invocations":1,"location":null,"numPassingAsserts":2,"retryReasons":[],"startAt":1777806835898,"status":"passed","title":"P2019 → HTTP 400 with body.error \"Input error\""},{"ancestorTitles":["errorHandler middleware","Prisma error translation"],"duration":1,"failing":false,"failureDetails":[],"failureMessages":[],"fullName":"errorHandler middleware Prisma error translation P2020 → HTTP 400 with body.error \"Value out of range\"","invocations":1,"location":null,"numPassingAsserts":2,"retryReasons":[],"startAt":1777806835899,"status":"passed","title":"P2020 → HTTP 400 with body.error \"Value out of range\""},{"ancestorTitles":["errorHandler middleware","Prisma error translation"],"duration":0,"failing":false,"failureDetails":[],"failureMessages":[],"fullName":"errorHandler middleware Prisma error translation P2021 → HTTP 404 with body.error \"Table does not exist\"","invocations":1,"location":null,"numPassingAsserts":2,"retryReasons":[],"startAt":1777806835900,"status":"passed","title":"P2021 → HTTP 404 with body.error \"Table does not exist\""},{"ancestorTitles":["errorHandler middleware","Prisma error translation"],"duration":1,"failing":false,"failureDetails":[],"failureMessages":[],"fullName":"errorHandler middleware Prisma error translation P2022 → HTTP 404 with body.error \"Column does not exist\"","invocations":1,"location":null,"numPassingAsserts":2,"retryReasons":[],"startAt":1777806835900,"status":"passed","title":"P2022 → HTTP 404 with body.error \"Column does not exist\""},{"ancestorTitles":["errorHandler middleware","Prisma error translation"],"duration":1,"failing":false,"failureDetails":[],"failureMessages":[],"fullName":"errorHandler middleware Prisma error translation P2023 → HTTP 400 with body.error \"Inconsistent column data\"","invocations":1,"location":null,"numPassingAsserts":2,"retryReasons":[],"startAt":1777806835901,"status":"passed","title":"P2023 → HTTP 400 with body.error \"Inconsistent column data\""},{"ancestorTitles":["errorHandler middleware","Prisma error translation"],"duration":0,"failing":false,"failureDetails":[],"failureMessages":[],"fullName":"errorHandler middleware Prisma error translation P2024 → HTTP 503 with body.error \"Connection pool timeout\"","invocations":1,"location":null,"numPassingAsserts":2,"retryReasons":[],"startAt":1777806835903,"status":"passed","title":"P2024 → HTTP 503 with body.error \"Connection pool timeout\""},{"ancestorTitles":["errorHandler middleware","Prisma error translation"],"duration":1,"failing":false,"failureDetails":[],"failureMessages":[],"fullName":"errorHandler middleware Prisma error translation P2025 → HTTP 404 with body.error \"Record not found\"","invocations":1,"location":null,"numPassingAsserts":2,"retryReasons":[],"startAt":1777806835903,"status":"passed","title":"P2025 → HTTP 404 with body.error \"Record not found\""},{"ancestorTitles":["errorHandler middleware","Prisma error translation"],"duration":0,"failing":false,"failureDetails":[],"failureMessages":[],"fullName":"errorHandler middleware Prisma error translation P2026 → HTTP 400 with body.error \"Unsupported database feature\"","invocations":1,"location":null,"numPassingAsserts":2,"retryReasons":[],"startAt":1777806835904,"status":"passed","title":"P2026 → HTTP 400 with body.error \"Unsupported database feature\""},{"ancestorTitles":["errorHandler middleware","Prisma error translation"],"duration":1,"failing":false,"failureDetails":[],"failureMessages":[],"fullName":"errorHandler middleware Prisma error translation P2027 → HTTP 500 with body.error \"Multiple database errors occurred\"","invocations":1,"location":null,"numPassingAsserts":2,"retryReasons":[],"startAt":1777806835904,"status":"passed","title":"P2027 → HTTP 500 with body.error \"Multiple database errors occurred\""},{"ancestorTitles":["errorHandler middleware","Prisma error translation"],"duration":0,"failing":false,"failureDetails":[],"failureMessages":[],"fullName":"errorHandler middleware Prisma error translation P2028 → HTTP 500 with body.error \"Transaction API error\"","invocations":1,"location":null,"numPassingAsserts":2,"retryReasons":[],"startAt":1777806835905,"status":"passed","title":"P2028 → HTTP 500 with body.error \"Transaction API error\""},{"ancestorTitles":["errorHandler middleware","Prisma error translation"],"duration":1,"failing":false,"failureDetails":[],"failureMessages":[],"fullName":"errorHandler middleware Prisma error translation P2030 → HTTP 400 with body.error \"Cannot find fulltext index\"","invocations":1,"location":null,"numPassingAsserts":2,"retryReasons":[],"startAt":1777806835905,"status":"passed","title":"P2030 → HTTP 400 with body.error \"Cannot find fulltext index\""},{"ancestorTitles":["errorHandler middleware","Prisma error translation"],"duration":0,"failing":false,"failureDetails":[],"failureMessages":[],"fullName":"errorHandler middleware Prisma error translation P2033 → HTTP 400 with body.error \"Number out of range\"","invocations":1,"location":null,"numPassingAsserts":2,"retryReasons":[],"startAt":1777806835906,"status":"passed","title":"P2033 → HTTP 400 with body.error \"Number out of range\""},{"ancestorTitles":["errorHandler middleware","Prisma error translation"],"duration":0,"failing":false,"failureDetails":[],"failureMessages":[],"fullName":"errorHandler middleware Prisma error translation P2034 → HTTP 409 with body.error \"Transaction conflict\"","invocations":1,"location":null,"numPassingAsserts":2,"retryReasons":[],"startAt":1777806835907,"status":"passed","title":"P2034 → HTTP 409 with body.error \"Transaction conflict\""},{"ancestorTitles":["errorHandler middleware","Prisma error translation"],"duration":2,"failing":false,"failureDetails":[],"failureMessages":[],"fullName":"errorHandler middleware Prisma error translation P3000 → HTTP 500 with body.error \"Database migration issue detected\"","invocations":1,"location":null,"numPassingAsserts":2,"retryReasons":[],"startAt":1777806835907,"status":"passed","title":"P3000 → HTTP 500 with body.error \"Database migration issue detected\""},{"ancestorTitles":["errorHandler middleware","Prisma error translation"],"duration":0,"failing":false,"failureDetails":[],"failureMessages":[],"fullName":"errorHandler middleware Prisma error translation P3001 → HTTP 500 with body.error \"Database migration issue detected\"","invocations":1,"location":null,"numPassingAsserts":2,"retryReasons":[],"startAt":1777806835909,"status":"passed","title":"P3001 → HTTP 500 with body.error \"Database migration issue detected\""},{"ancestorTitles":["errorHandler middleware","Prisma error translation"],"duration":1,"failing":false,"failureDetails":[],"failureMessages":[],"fullName":"errorHandler middleware Prisma error translation P3002 → HTTP 500 with body.error \"Database migration issue detected\"","invocations":1,"location":null,"numPassingAsserts":2,"retryReasons":[],"startAt":1777806835909,"status":"passed","title":"P3002 → HTTP 500 with body.error \"Database migration issue detected\""},{"ancestorTitles":["errorHandler middleware","Prisma error translation"],"duration":0,"failing":false,"failureDetails":[],"failureMessages":[],"fullName":"errorHandler middleware Prisma error translation P3003 → HTTP 500 with body.error \"Database migration issue detected\"","invocations":1,"location":null,"numPassingAsserts":2,"retryReasons":[],"startAt":1777806835910,"status":"passed","title":"P3003 → HTTP 500 with body.error \"Database migration issue detected\""},{"ancestorTitles":["errorHandler middleware","Prisma error translation"],"duration":1,"failing":false,"failureDetails":[],"failureMessages":[],"fullName":"errorHandler middleware Prisma error translation P3004 → HTTP 500 with body.error \"Database migration issue detected\"","invocations":1,"location":null,"numPassingAsserts":2,"retryReasons":[],"startAt":1777806835910,"status":"passed","title":"P3004 → HTTP 500 with body.error \"Database migration issue detected\""},{"ancestorTitles":["errorHandler middleware","Prisma error translation"],"duration":1,"failing":false,"failureDetails":[],"failureMessages":[],"fullName":"errorHandler middleware Prisma error translation P3005 → HTTP 500 with body.error \"Database migration issue detected\"","invocations":1,"location":null,"numPassingAsserts":2,"retryReasons":[],"startAt":1777806835911,"status":"passed","title":"P3005 → HTTP 500 with body.error \"Database migration issue detected\""},{"ancestorTitles":["errorHandler middleware","Prisma error translation"],"duration":0,"failing":false,"failureDetails":[],"failureMessages":[],"fullName":"errorHandler middleware Prisma error translation P4000 → HTTP 500 with body.error \"Database introspection error\"","invocations":1,"location":null,"numPassingAsserts":2,"retryReasons":[],"startAt":1777806835912,"status":"passed","title":"P4000 → HTTP 500 with body.error \"Database introspection error\""},{"ancestorTitles":["errorHandler middleware","Prisma error translation"],"duration":1,"failing":false,"failureDetails":[],"failureMessages":[],"fullName":"errorHandler middleware Prisma error translation P4001 → HTTP 500 with body.error \"Database introspection error\"","invocations":1,"location":null,"numPassingAsserts":2,"retryReasons":[],"startAt":1777806835912,"status":"passed","title":"P4001 → HTTP 500 with body.error \"Database introspection error\""},{"ancestorTitles":["errorHandler middleware","Prisma error translation"],"duration":0,"failing":false,"failureDetails":[],"failureMessages":[],"fullName":"errorHandler middleware Prisma error translation P4002 → HTTP 500 with body.error \"Database introspection error\"","invocations":1,"location":null,"numPassingAsserts":2,"retryReasons":[],"startAt":1777806835913,"status":"passed","title":"P4002 → HTTP 500 with body.error \"Database introspection error\""},{"ancestorTitles":["errorHandler middleware","Prisma error translation"],"duration":1,"failing":false,"failureDetails":[],"failureMessages":[],"fullName":"errorHandler middleware Prisma error translation P2002 (unique constraint) includes target fields in message","invocations":1,"location":null,"numPassingAsserts":2,"retryReasons":[],"startAt":1777806835913,"status":"passed","title":"P2002 (unique constraint) includes target fields in message"},{"ancestorTitles":["errorHandler middleware","Prisma error translation"],"duration":0,"failing":false,"failureDetails":[],"failureMessages":[],"fullName":"errorHandler middleware Prisma error translation P2002 falls back to \"field\" when meta is missing","invocations":1,"location":null,"numPassingAsserts":1,"retryReasons":[],"startAt":1777806835914,"status":"passed","title":"P2002 falls back to \"field\" when meta is missing"},{"ancestorTitles":["errorHandler middleware","Prisma error translation"],"duration":1,"failing":false,"failureDetails":[],"failureMessages":[],"fullName":"errorHandler middleware Prisma error translation P2003 (foreign key) names the affected field","invocations":1,"location":null,"numPassingAsserts":2,"retryReasons":[],"startAt":1777806835914,"status":"passed","title":"P2003 (foreign key) names the affected field"},{"ancestorTitles":["errorHandler middleware","Prisma error translation"],"duration":0,"failing":false,"failureDetails":[],"failureMessages":[],"fullName":"errorHandler middleware Prisma error translation unknown P-code defaults to 500","invocations":1,"location":null,"numPassingAsserts":2,"retryReasons":[],"startAt":1777806835915,"status":"passed","title":"unknown P-code defaults to 500"},{"ancestorTitles":["errorHandler middleware","JWT error translation"],"duration":0,"failing":false,"failureDetails":[],"failureMessages":[],"fullName":"errorHandler middleware JWT error translation JsonWebTokenError → 401 Invalid token","invocations":1,"location":null,"numPassingAsserts":2,"retryReasons":[],"startAt":1777806835916,"status":"passed","title":"JsonWebTokenError → 401 Invalid token"},{"ancestorTitles":["errorHandler middleware","JWT error translation"],"duration":1,"failing":false,"failureDetails":[],"failureMessages":[],"fullName":"errorHandler middleware JWT error translation TokenExpiredError → 401 Token expired","invocations":1,"location":null,"numPassingAsserts":2,"retryReasons":[],"startAt":1777806835916,"status":"passed","title":"TokenExpiredError → 401 Token expired"},{"ancestorTitles":["errorHandler middleware","Unexpected errors"],"duration":0,"failing":false,"failureDetails":[],"failureMessages":[],"fullName":"errorHandler middleware Unexpected errors in production returns sanitized 500 without leaking the message","invocations":1,"location":null,"numPassingAsserts":2,"retryReasons":[],"startAt":1777806835917,"status":"passed","title":"in production returns sanitized 500 without leaking the message"},{"ancestorTitles":["errorHandler middleware","Unexpected errors"],"duration":1,"failing":false,"failureDetails":[],"failureMessages":[],"fullName":"errorHandler middleware Unexpected errors in development surfaces the error message","invocations":1,"location":null,"numPassingAsserts":2,"retryReasons":[],"startAt":1777806835917,"status":"passed","title":"in development surfaces the error message"},{"ancestorTitles":["errorHandler middleware","Unexpected errors"],"duration":0,"failing":false,"failureDetails":[],"failureMessages":[],"fullName":"errorHandler middleware Unexpected errors honours a status already attached to the error object","invocations":1,"location":null,"numPassingAsserts":1,"retryReasons":[],"startAt":1777806835918,"status":"passed","title":"honours a status already attached to the error object"}],"endTime":1777806835922,"message":"","name":"C:\\Users\\Matas\\Documents\\GitHub\\ratai24\\__tests__\\unit\\errors.test.js","startTime":1777806835726,"status":"passed","summary":""},{"assertionResults":[{"ancestorTitles":["getHolidays"],"duration":25,"failing":false,"failureDetails":[],"failureMessages":[],"fullName":"getHolidays returns 11 Lithuanian holidays for a year","invocations":1,"location":null,"numPassingAsserts":6,"retryReasons":[],"startAt":1777806835915,"status":"passed","title":"returns 11 Lithuanian holidays for a year"},{"ancestorTitles":["calculateSeasonalMultiplier"],"duration":1,"failing":false,"failureDetails":[],"failureMessages":[],"fullName":"calculateSeasonalMultiplier returns the combined multiplier of custom DB factors when they exist","invocations":1,"location":null,"numPassingAsserts":1,"retryReasons":[],"startAt":1777806835941,"status":"passed","title":"returns the combined multiplier of custom DB factors when they exist"},{"ancestorTitles":["calculateSeasonalMultiplier"],"duration":1,"failing":false,"failureDetails":[],"failureMessages":[],"fullName":"calculateSeasonalMultiplier applies the default summer premium when no custom factors are active","invocations":1,"location":null,"numPassingAsserts":1,"retryReasons":[],"startAt":1777806835942,"status":"passed","title":"applies the default summer premium when no custom factors are active"},{"ancestorTitles":["calculateSeasonalMultiplier"],"duration":1,"failing":false,"failureDetails":[],"failureMessages":[],"fullName":"calculateSeasonalMultiplier applies the winter discount outside holidays","invocations":1,"location":null,"numPassingAsserts":1,"retryReasons":[],"startAt":1777806835943,"status":"passed","title":"applies the winter discount outside holidays"},{"ancestorTitles":["calculateSeasonalMultiplier"],"duration":1,"failing":false,"failureDetails":[],"failureMessages":[],"fullName":"calculateSeasonalMultiplier falls back to multiplier 1.0 if the DB query throws","invocations":1,"location":null,"numPassingAsserts":1,"retryReasons":[],"startAt":1777806835944,"status":"passed","title":"falls back to multiplier 1.0 if the DB query throws"},{"ancestorTitles":["createSeasonalFactor"],"duration":1,"failing":false,"failureDetails":[],"failureMessages":[],"fullName":"createSeasonalFactor creates a factor with normalized values","invocations":1,"location":null,"numPassingAsserts":4,"retryReasons":[],"startAt":1777806835945,"status":"passed","title":"creates a factor with normalized values"},{"ancestorTitles":["createSeasonalFactor"],"duration":5,"failing":false,"failureDetails":[],"failureMessages":[],"fullName":"createSeasonalFactor rejects an empty name","invocations":1,"location":null,"numPassingAsserts":1,"retryReasons":[],"startAt":1777806835946,"status":"passed","title":"rejects an empty name"},{"ancestorTitles":["createSeasonalFactor"],"duration":2,"failing":false,"failureDetails":[],"failureMessages":[],"fullName":"createSeasonalFactor rejects an invalid date format","invocations":1,"location":null,"numPassingAsserts":1,"retryReasons":[],"startAt":1777806835951,"status":"passed","title":"rejects an invalid date format"},{"ancestorTitles":["createSeasonalFactor"],"duration":1,"failing":false,"failureDetails":[],"failureMessages":[],"fullName":"createSeasonalFactor rejects when endDate is before startDate","invocations":1,"location":null,"numPassingAsserts":1,"retryReasons":[],"startAt":1777806835954,"status":"passed","title":"rejects when endDate is before startDate"},{"ancestorTitles":["createSeasonalFactor"],"duration":0,"failing":false,"failureDetails":[],"failureMessages":[],"fullName":"createSeasonalFactor rejects a multiplier outside the 0.1–3 range","invocations":1,"location":null,"numPassingAsserts":1,"retryReasons":[],"startAt":1777806835955,"status":"passed","title":"rejects a multiplier outside the 0.1–3 range"},{"ancestorTitles":["createSeasonalFactor"],"duration":2,"failing":false,"failureDetails":[],"failureMessages":[],"fullName":"createSeasonalFactor defaults cityId to null when omitted","invocations":1,"location":null,"numPassingAsserts":1,"retryReasons":[],"startAt":1777806835956,"status":"passed","title":"defaults cityId to null when omitted"},{"ancestorTitles":["updateSeasonalFactorRecord"],"duration":1,"failing":false,"failureDetails":[],"failureMessages":[],"fullName":"updateSeasonalFactorRecord returns null when the record does not exist","invocations":1,"location":null,"numPassingAsserts":1,"retryReasons":[],"startAt":1777806835958,"status":"passed","title":"returns null when the record does not exist"},{"ancestorTitles":["updateSeasonalFactorRecord"],"duration":2,"failing":false,"failureDetails":[],"failureMessages":[],"fullName":"updateSeasonalFactorRecord merges partial updates on top of the existing record","invocations":1,"location":null,"numPassingAsserts":2,"retryReasons":[],"startAt":1777806835959,"status":"passed","title":"merges partial updates on top of the existing record"},{"ancestorTitles":["updateSeasonalFactorRecord"],"duration":1,"failing":false,"failureDetails":[],"failureMessages":[],"fullName":"updateSeasonalFactorRecord rejects an empty name on update","invocations":1,"location":null,"numPassingAsserts":1,"retryReasons":[],"startAt":1777806835962,"status":"passed","title":"rejects an empty name on update"},{"ancestorTitles":["deleteSeasonalFactorRecord"],"duration":2,"failing":false,"failureDetails":[],"failureMessages":[],"fullName":"deleteSeasonalFactorRecord calls prisma.seasonalFactor.delete with the id","invocations":1,"location":null,"numPassingAsserts":1,"retryReasons":[],"startAt":1777806835963,"status":"passed","title":"calls prisma.seasonalFactor.delete with the id"}],"endTime":1777806835966,"message":"","name":"C:\\Users\\Matas\\Documents\\GitHub\\ratai24\\__tests__\\unit\\pricing\\seasonal.calculator.test.js","startTime":1777806835741,"status":"passed","summary":""},{"assertionResults":[{"ancestorTitles":["computeLoyaltyFromContracts"],"duration":3,"failing":false,"failureDetails":[],"failureMessages":[],"fullName":"computeLoyaltyFromContracts returns \"New Customer\" with zero multiplier effect for empty input","invocations":1,"location":null,"numPassingAsserts":5,"retryReasons":[],"startAt":1777806835922,"status":"passed","title":"returns \"New Customer\" with zero multiplier effect for empty input"},{"ancestorTitles":["computeLoyaltyFromContracts"],"duration":2,"failing":false,"failureDetails":[],"failureMessages":[],"fullName":"computeLoyaltyFromContracts assigns \"Returning\" tier after 2 completed rentals","invocations":1,"location":null,"numPassingAsserts":7,"retryReasons":[],"startAt":1777806835925,"status":"passed","title":"assigns \"Returning\" tier after 2 completed rentals"},{"ancestorTitles":["computeLoyaltyFromContracts"],"duration":1,"failing":false,"failureDetails":[],"failureMessages":[],"fullName":"computeLoyaltyFromContracts assigns \"Regular\" tier after 6 completed rentals","invocations":1,"location":null,"numPassingAsserts":2,"retryReasons":[],"startAt":1777806835927,"status":"passed","title":"assigns \"Regular\" tier after 6 completed rentals"},{"ancestorTitles":["computeLoyaltyFromContracts"],"duration":3,"failing":false,"failureDetails":[],"failureMessages":[],"fullName":"computeLoyaltyFromContracts assigns \"VIP\" tier after 11 completed rentals","invocations":1,"location":null,"numPassingAsserts":2,"retryReasons":[],"startAt":1777806835928,"status":"passed","title":"assigns \"VIP\" tier after 11 completed rentals"},{"ancestorTitles":["computeLoyaltyFromContracts"],"duration":1,"failing":false,"failureDetails":[],"failureMessages":[],"fullName":"computeLoyaltyFromContracts assigns \"VIP\" tier when lifetime value ≥ €5000 even with few rentals","invocations":1,"location":null,"numPassingAsserts":2,"retryReasons":[],"startAt":1777806835931,"status":"passed","title":"assigns \"VIP\" tier when lifetime value ≥ €5000 even with few rentals"},{"ancestorTitles":["computeLoyaltyFromContracts"],"duration":0,"failing":false,"failureDetails":[],"failureMessages":[],"fullName":"computeLoyaltyFromContracts adds a 3 % recent-activity bonus when a rental ended within 14 days","invocations":1,"location":null,"numPassingAsserts":2,"retryReasons":[],"startAt":1777806835933,"status":"passed","title":"adds a 3 % recent-activity bonus when a rental ended within 14 days"},{"ancestorTitles":["computeLoyaltyFromContracts"],"duration":1,"failing":false,"failureDetails":[],"failureMessages":[],"fullName":"computeLoyaltyFromContracts does not apply the recent-activity bonus for \"New Customer\" tier","invocations":1,"location":null,"numPassingAsserts":2,"retryReasons":[],"startAt":1777806835933,"status":"passed","title":"does not apply the recent-activity bonus for \"New Customer\" tier"},{"ancestorTitles":["computeLoyaltyFromContracts"],"duration":1,"failing":false,"failureDetails":[],"failureMessages":[],"fullName":"computeLoyaltyFromContracts caps the effective discount at 15 %","invocations":1,"location":null,"numPassingAsserts":2,"retryReasons":[],"startAt":1777806835934,"status":"passed","title":"caps the effective discount at 15 %"},{"ancestorTitles":["computeLoyaltyFromContracts"],"duration":1,"failing":false,"failureDetails":[],"failureMessages":[],"fullName":"computeLoyaltyFromContracts ignores non-completed contracts when counting rentals","invocations":1,"location":null,"numPassingAsserts":2,"retryReasons":[],"startAt":1777806835935,"status":"passed","title":"ignores non-completed contracts when counting rentals"},{"ancestorTitles":["computeLoyaltyFromContracts"],"duration":11,"failing":false,"failureDetails":[],"failureMessages":[],"fullName":"computeLoyaltyFromContracts sums totalPrice across all contracts regardless of state","invocations":1,"location":null,"numPassingAsserts":1,"retryReasons":[],"startAt":1777806835936,"status":"passed","title":"sums totalPrice across all contracts regardless of state"},{"ancestorTitles":["calculateCustomerMultiplier (Prisma)"],"duration":2,"failing":false,"failureDetails":[],"failureMessages":[],"fullName":"calculateCustomerMultiplier (Prisma) returns 1.0 for guests (no userId)","invoc
[...]
tryReasons":[],"startAt":1777806835491,"status":"passed","title":"rejects invalid emails with 400"},{"ancestorTitles":["POST /auth/register"],"duration":18,"failing":false,"failureDetails":[],"failureMessages":[],"fullName":"POST /auth/register rejects weak passwords with 400","invocations":1,"location":null,"numPassingAsserts":2,"retryReasons":[],"startAt":1777806835504,"status":"passed","title":"rejects weak passwords with 400"},{"ancestorTitles":["POST /auth/register"],"duration":11,"failing":false,"failureDetails":[],"failureMessages":[],"fullName":"POST /auth/register rejects invalid roles with 400","invocations":1,"location":null,"numPassingAsserts":2,"retryReasons":[],"startAt":1777806835522,"status":"passed","title":"rejects invalid roles with 400"},{"ancestorTitles":["POST /auth/register"],"duration":116,"failing":false,"failureDetails":[],"failureMessages":[],"fullName":"POST /auth/register returns 409 on duplicate email","invocations":1,"location":null,"numPassingAsserts":2,"retryReasons":[],"startAt":1777806835533,"status":"passed","title":"returns 409 on duplicate email"},{"ancestorTitles":["POST /auth/login"],"duration":186,"failing":false,"failureDetails":[],"failureMessages":[],"fullName":"POST /auth/login returns access + refresh tokens on success","invocations":1,"location":null,"numPassingAsserts":4,"retryReasons":[],"startAt":1777806835649,"status":"passed","title":"returns access + refresh tokens on success"},{"ancestorTitles":["POST /auth/login"],"duration":44,"failing":false,"failureDetails":[],"failureMessages":[],"fullName":"POST /auth/login rejects unknown user with 401","invocations":1,"location":null,"numPassingAsserts":1,"retryReasons":[],"startAt":1777806835835,"status":"passed","title":"rejects unknown user with 401"},{"ancestorTitles":["POST /auth/login"],"duration":207,"failing":false,"failureDetails":[],"failureMessages":[],"fullName":"POST /auth/login rejects bad password with 401","invocations":1,"location":null,"numPassingAsserts":1,"retryReasons":[],"startAt":1777806835880,"status":"passed","title":"rejects bad password with 401"},{"ancestorTitles":["POST /auth/logout"],"duration":32,"failing":false,"failureDetails":[],"failureMessages":[],"fullName":"POST /auth/logout requires a refreshToken in the body (400)","invocations":1,"location":null,"numPassingAsserts":1,"retryReasons":[],"startAt":1777806836087,"status":"passed","title":"requires a refreshToken in the body (400)"},{"ancestorTitles":["POST /auth/logout"],"duration":19,"failing":false,"failureDetails":[],"failureMessages":[],"fullName":"POST /auth/logout returns 204 on successful revoke","invocations":1,"location":null,"numPassingAsserts":1,"retryReasons":[],"startAt":1777806836120,"status":"passed","title":"returns 204 on successful revoke"}],"endTime":1777806836141,"message":"","name":"C:\\Users\\Matas\\Documents\\GitHub\\ratai24\\__tests__\\integration\\auth.integration.test.js","startTime":1777806833609,"status":"passed","summary":""},{"assertionResults":[{"ancestorTitles":["calculateBasePrice"],"duration":2,"failing":false,"failureDetails":[],"failureMessages":[],"fullName":"calculateBasePrice returns a manually-set basePricePerDay when > 0","invocations":1,"location":null,"numPassingAsserts":1,"retryReasons":[],"startAt":1777806836220,"status":"passed","title":"returns a manually-set basePricePerDay when > 0"},{"ancestorTitles":["calculateBasePrice"],"duration":1,"failing":false,"failureDetails":[],"failureMessages":[],"fullName":"calculateBasePrice ignores basePricePerDay of 0 and recomputes","invocations":1,"location":null,"numPassingAsserts":1,"retryReasons":[],"startAt":1777806836222,"status":"passed","title":"ignores basePricePerDay of 0 and recomputes"},{"ancestorTitles":["calculateBasePrice"],"duration":1,"failing":false,"failureDetails":[],"failureMessages":[],"fullName":"calculateBasePrice adds daily operating cost","invocations":1,"location":null,"numPassingAsserts":1,"retryReasons":[],"startAt":1777806836223,"status":"passed","title":"adds daily operating cost"},{"ancestorTitles":["calculateBasePrice"],"duration":0,"failing":false,"failureDetails":[],"failureMessages":[],"fullName":"calculateBasePrice adds monthly financing cost divided by 30","invocations":1,"location":null,"numPassingAsserts":1,"retryReasons":[],"startAt":1777806836224,"status":"passed","title":"adds monthly financing cost divided by 30"},{"ancestorTitles":["calculateBasePrice"],"duration":1,"failing":false,"failureDetails":[],"failureMessages":[],"fullName":"calculateBasePrice adds depreciation when purchasePrice + createdAt are provided","invocations":1,"location":null,"numPassingAsserts":1,"retryReasons":[],"startAt":1777806836224,"status":"passed","title":"adds depreciation when purchasePrice + createdAt are provided"},{"ancestorTitles":["calculateBasePrice"],"duration":0,"failing":false,"failureDetails":[],"failureMessages":[],"fullName":"calculateBasePrice combines all cost components","invocations":1,"location":null,"numPassingAsserts":1,"retryReasons":[],"startAt":1777806836225,"status":"passed","title":"combines all cost components"},{"ancestorTitles":["calculateBasePrice"],"duration":1,"failing":false,"failureDetails":[],"failureMessages":[],"fullName":"calculateBasePrice falls back to car.pricePerDay when no cost inputs are given","invocations":1,"location":null,"numPassingAsserts":1,"retryReasons":[],"startAt":1777806836225,"status":"passed","title":"falls back to car.pricePerDay when no cost inputs are given"},{"ancestorTitles":["calculateBasePrice"],"duration":0,"failing":false,"failureDetails":[],"failureMessages":[],"fullName":"calculateBasePrice falls back to 50 when no data whatsoever is provided","invocations":1,"location":null,"numPassingAsserts":1,"retryReasons":[],"startAt":1777806836226,"status":"passed","title":"falls back to 50 when no data whatsoever is provided"},{"ancestorTitles":["calculateBasePrice"],"duration":2,"failing":false,"failureDetails":[],"failureMessages":[],"fullName":"calculateBasePrice rounds to two decimals","invocations":1,"location":null,"numPassingAsserts":2,"retryReasons":[],"startAt":1777806836226,"status":"passed","title":"rounds to two decimals"},{"ancestorTitles":["calculatePriceConstraints"],"duration":0,"failing":false,"failureDetails":[],"failureMessages":[],"fullName":"calculatePriceConstraints derives min/max/base from a car","invocations":1,"location":null,"numPassingAsserts":3,"retryReasons":[],"startAt":1777806836228,"status":"passed","title":"derives min/max/base from a car"},{"ancestorTitles":["calculatePriceConstraints"],"duration":0,"failing":false,"failureDetails":[],"failureMessages":[],"fullName":"calculatePriceConstraints rounds min/max to 2 decimals","invocations":1,"location":null,"numPassingAsserts":4,"retryReasons":[],"startAt":1777806836229,"status":"passed","title":"rounds min/max to 2 decimals"}],"endTime":1777806836231,"message":"","name":"C:\\Users\\Matas\\Documents\\GitHub\\ratai24\\__tests__\\unit\\pricing\\base-price.calculator.test.js","startTime":1777806836112,"status":"passed","summary":""},{"assertionResults":[{"ancestorTitles":["sendPasswordResetEmail"],"duration":12,"failing":false,"failureDetails":[],"failureMessages":[],"fullName":"sendPasswordResetEmail logs the reset link and returns when no API key is configured","invocations":1,"location":null,"numPassingAsserts":2,"retryReasons":[],"startAt":1777806836169,"status":"passed","title":"logs the reset link and returns when no API key is configured"},{"ancestorTitles":["sendPasswordResetEmail"],"duration":7,"failing":false,"failureDetails":[],"failureMessages":[],"fullName":"sendPasswordResetEmail calls Resend with the Lithuanian subject by default","invocations":1,"location":null,"numPassingAsserts":4,"retryReasons":[],"startAt":1777806836182,"status":"passed","title":"calls Resend with the Lithuanian subject by default"},{"ancestorTitles":["sendPasswordResetEmail"],"duration":13,"failing":false,"failureDetails":[],"failureMessages":[],"fullName":"sendPasswordResetEmail localizes the subject for en","invocations":1,"location":null,"numPassingAsserts":1,"retryReasons":[],"startAt":1777806836189,"status":"passed","title":"localizes the subject for en"},{"ancestorTitles":["sendPasswordResetEmail"],"duration":10,"failing":false,"failureDetails":[],"failureMessages":[],"fullName":"sendPasswordResetEmail localizes the subject for ru","invocations":1,"location":null,"numPassingAsserts":1,"retryReasons":[],"startAt":1777806836202,"status":"passed","title":"localizes the subject for ru"},{"ancestorTitles":["sendPasswordResetEmail"],"duration":11,"failing":false,"failureDetails":[],"failureMessages":[],"fullName":"sendPasswordResetEmail falls back to Lithuanian for unsupported languages","invocations":1,"location":null,"numPassingAsserts":1,"retryReasons":[],"startAt":1777806836212,"status":"passed","title":"falls back to Lithuanian for unsupported languages"},{"ancestorTitles":["sendPasswordResetEmail"],"duration":10,"failing":false,"failureDetails":[],"failureMessages":[],"fullName":"sendPasswordResetEmail throws when Resend responds with an error status","invocations":1,"location":null,"numPassingAsserts":1,"retryReasons":[],"startAt":1777806836224,"status":"passed","title":"throws when Resend responds with an error status"}],"endTime":1777806836235,"message":"","name":"C:\\Users\\Matas\\Documents\\GitHub\\ratai24\\__tests__\\unit\\services\\email.service.test.js","startTime":1777806835995,"status":"passed","summary":""},{"assertionResults":[{"ancestorTitles":["calculateDurationMultiplier"],"duration":4,"failing":false,"failureDetails":[],"failureMessages":[],"fullName":"calculateDurationMultiplier 1 days → multiplier 1","invocations":1,"location":null,"numPassingAsserts":1,"retryReasons":[],"startAt":1777806836255,"status":"passed","title":"1 days → multiplier 1"},{"ancestorTitles":["calculateDurationMultiplier"],"duration":1,"failing":false,"failureDetails":[],"failureMessages":[],"fullName":"calculateDurationMultiplier 2 days → multiplier 1","invocations":1,"location":null,"numPassingAsserts":1,"retryReasons":[],"startAt":1777806836260,"status":"passed","title":"2 days → multiplier 1"},{"ancestorTitles":["calculateDurationMultiplier"],"duration":0,"failing":false,"failureDetails":[],"failureMessages":[],"fullName":"calculateDurationMultiplier 3 days → multiplier 0.98","invocations":1,"location":null,"numPassingAsserts":1,"retryReasons":[],"startAt":1777806836261,"status":"passed","title":"3 days → multiplier 0.98"},{"ancestorTitles":["calculateDurationMultiplier"],"duration":1,"failing":false,"failureDetails":[],"failureMessages":[],"fullName":"calculateDurationMultiplier 6 days → multiplier 0.98","invocations":1,"location":null,"numPassingAsserts":1,"retryReasons":[],"startAt":1777806836261,"status":"passed","title":"6 days → multiplier 0.98"},{"ancestorTitles":["calculateDurationMultiplier"],"duration":0,"failing":false,"failureDetails":[],"failureMessages":[],"fullName":"calculateDurationMultiplier 7 days → multiplier 0.95","invocations":1,"location":null,"numPassingAsserts":1,"retryReasons":[],"startAt":1777806836262,"status":"passed","title":"7 days → multiplier 0.95"},{"ancestorTitles":["calculateDurationMultiplier"],"duration":1,"failing":false,"failureDetails":[],"failureMessages":[],"fullName":"calculateDurationMultiplier 13 days → multiplier 0.95","invocations":1,"location":null,"numPassingAsserts":1,"retryReasons":[],"startAt":1777806836262,"status":"passed","title":"13 days → multiplier 0.95"},{"ancestorTitles":["calculateDurationMultiplier"],"duration":0,"failing":false,"failureDetails":[],"failureMessages":[],"fullName":"calculateDurationMultiplier 14 days → multiplier 0.92","invocations":1,"location":null,"numPassingAsserts":1,"retryReasons":[],"startAt":1777806836263,"status":"passed","title":"14 days → multiplier 0.92"},{"ancestorTitles":["calculateDurationMultiplier"],"duration":0,"failing":false,"failureDetails":[],"failureMessages":[],"fullName":"calculateDurationMultiplier 20 days → multiplier 0.92","invocations":1,"location":null,"numPassingAsserts":1,"retryReasons":[],"startAt":1777806836263,"status":"passed","title":"20 days → multiplier 0.92"},{"ancestorTitles":["calculateDurationMultiplier"],"duration":1,"failing":false,"failureDetails":[],"failureMessages":[],"fullName":"calculateDurationMultiplier 21 days → multiplier 0.9","invocations":1,"location":null,"numPassingAsserts":1,"retryReasons":[],"startAt":1777806836264,"status":"passed","title":"21 days → multiplier 0.9"},{"ancestorTitles":["calculateDurationMultiplier"],"duration":0,"failing":false,"failureDetails":[],"failureMessages":[],"fullName":"calculateDurationMultiplier 29 days → multiplier 0.9","invocations":1,"location":null,"numPassingAsserts":1,"retryReasons":[],"startAt":1777806836265,"status":"passed","title":"29 days → multiplier 0.9"},{"ancestorTitles":["calculateDurationMultiplier"],"duration":1,"failing":false,"failureDetails":[],"failureMessages":[],"fullName":"calculateDurationMultiplier 30 days → multiplier 0.88","invocations":1,"location":null,"numPassingAsserts":1,"retryReasons":[],"startAt":1777806836265,"status":"passed","title":"30 days → multiplier 0.88"},{"ancestorTitles":["calculateDurationMultiplier"],"duration":0,"failing":false,"failureDetails":[],"failureMessages":[],"fullName":"calculateDurationMultiplier 90 days → multiplier 0.88","invocations":1,"location":null,"numPassingAsserts":1,"retryReasons":[],"startAt":1777806836266,"status":"passed","title":"90 days → multiplier 0.88"},{"ancestorTitles":["getDurationDiscountDescription"],"duration":2,"failing":false,"failureDetails":[],"failureMessages":[],"fullName":"getDurationDiscountDescription returns \"Standard daily rate\" when no discount applies","invocations":1,"location":null,"numPassingAsserts":1,"retryReasons":[],"startAt":1777806836266,"status":"passed","title":"returns \"Standard daily rate\" when no discount applies"},{"ancestorTitles":["getDurationDiscountDescription"],"duration":0,"failing":false,"failureDetails":[],"failureMessages":[],"fullName":"getDurationDiscountDescription labels multi-day rentals (3-6 days)","invocations":1,"location":null,"numPassingAsserts":1,"retryReasons":[],"startAt":1777806836268,"status":"passed","title":"labels multi-day rentals (3-6 days)"},{"ancestorTitles":["getDurationDiscountDescription"],"duration":1,"failing":false,"failureDetails":[],"failureMessages":[],"fullName":"getDurationDiscountDescription labels weekly rentals (7-13 days)","invocations":1,"location":null,"numPassingAsserts":1,"retryReasons":[],"startAt":1777806836268,"status":"passed","title":"labels weekly rentals (7-13 days)"},{"ancestorTitles":["getDurationDiscountDescription"],"duration":0,"failing":false,"failureDetails":[],"failureMessages":[],"fullName":"getDurationDiscountDescription labels extended rentals (14-29 days)","invocations":1,"location":null,"numPassingAsserts":2,"retryReasons":[],"startAt":1777806836269,"status":"passed","title":"labels extended rentals (14-29 days)"},{"ancestorTitles":["getDurationDiscountDescription"],"duration":1,"failing":false,"failureDetails":[],"failureMessages":[],"fullName":"getDurationDiscountDescription labels monthly rentals (30+ days)","invocations":1,"location":null,"numPassingAsserts":1,"retryReasons":[],"startAt":1777806836269,"status":"passed","title":"labels monthly rentals (30+ days)"},{"ancestorTitles":["applyMinimumDurationPenalty"],"duration":0,"failing":false,"failureDetails":[],"failureMessages":[],"fullName":"applyMinimumDurationPenalty returns 1.0 when the duration meets or exceeds the minimum","invocations":1,"location":null,"numPassingAsserts":2,"retryReasons":[],"startAt":1777806836270,"status":"passed","title":"returns 1.0 when the duration meets or exceeds the minimum"},{"ancestorTitles":["applyMinimumDurationPenalty"],"duration":0,"failing":false,"failureDetails":[],"failureMessages":[],"fullName":"applyMinimumDurationPenalty returns 1.0 when the duration is below the minimum (no-op policy)","invocations":1,"location":null,"numPassingAsserts":1,"retryReasons":[],"startAt":1777806836270,"status":"passed","title":"returns 1.0 when the duration is below the minimum (no-op policy)"}],"endTime":1777806836272,"message":"","name":"C:\\Users\\Matas\\Documents\\GitHub\\ratai24\\__tests__\\unit\\pricing\\duration.calculator.test.js","startTime":1777806836132,"status":"passed","summary":""},{"assertionResults":[{"ancestorTitles":["GET /contacts"],"duration":23,"failing":false,"failureDetails":[],"failureMessages":[],"fullName":"GET /contacts returns the contact with operation areas (200)","invocations":1,"location":null,"numPassingAsserts":4,"retryReasons":[],"startAt":1777806836183,"status":"passed","title":"returns the contact with operation areas (200)"},{"ancestorTitles":["GET /contacts"],"duration":15,"failing":false,"failureDetails":[],"failureMessages":[],"fullName":"GET /contacts returns 404 when no contact row exists","invocations":1,"location":null,"numPassingAsserts":1,"retryReasons":[],"startAt":1777806836207,"status":"passed","title":"returns 404 when no contact row exists"},{"ancestorTitles":["PUT /contacts"],"duration":20,"failing":false,"failureDetails":[],"failureMessages":[],"fullName":"PUT /contacts rejects unauthenticated callers with 401","invocations":1,"location":null,"numPassingAsserts":1,"retryReasons":[],"startAt":1777806836222,"status":"passed","title":"rejects unauthenticated callers with 401"},{"ancestorTitles":["PUT /contacts"],"duration":12,"failing":false,"failureDetails":[],"failureMessages":[],"fullName":"PUT /contacts rejects non-admin callers with 403","invocations":1,"location":null,"numPassingAsserts":1,"retryReasons":[],"startAt":1777806836242,"status":"passed","title":"rejects non-admin callers with 403"},{"ancestorTitles":["PUT /contacts"],"duration":12,"failing":false,"failureDetails":[],"failureMessages":[],"fullName":"PUT /contacts rejects invalid email with 400","invocations":1,"location":null,"numPassingAsserts":2,"retryReasons":[],"startAt":1777806836254,"status":"passed","title":"rejects invalid email with 400"},{"ancestorTitles":["PUT /contacts"],"duration":14,"failing":false,"failureDetails":[],"failureMessages":[],"fullName":"PUT /contacts updates the contact when admin sends valid data (200)","invocations":1,"location":null,"numPassingAsserts":2,"retryReasons":[],"startAt":1777806836266,"status":"passed","title":"updates the contact when admin sends valid data (200)"}],"endTime":1777806836282,"message":"","name":"C:\\Users\\Matas\\Documents\\GitHub\\ratai24\\__tests__\\integration\\contacts.integration.test.js","startTime":1777806835610,"status":"passed","summary":""},{"assertionResults":[{"ancestorTitles":["Cross-cutting"],"duration":16,"failing":false,"failureDetails":[],"failureMessages":[],"fullName":"Cross-cutting GET /health responds with { ok: true }","invocations":1,"location":null,"numPassingAsserts":2,"retryReasons":[],"startAt":1777806836242,"status":"passed","title":"GET /health responds with { ok: true }"},{"ancestorTitles":["Cross-cutting"],"duration":8,"failing":false,"failureDetails":[],"failureMessages":[],"fullName":"Cross-cutting unknown routes return a 404 JSON envelope","invocations":1,"location":null,"numPassingAsserts":2,"retryReasons":[],"startAt":1777806836258,"status":"passed","title":"unknown routes return a 404 JSON envelope"},{"ancestorTitles":["Cross-cutting"],"duration":16,"failing":false,"failureDetails":[],"failureMessages":[],"fullName":"Cross-cutting malformed JSON bodies result in a 4xx response","invocations":1,"location":null,"numPassingAsserts":2,"retryReasons":[],"startAt":1777806836266,"status":"passed","title":"malformed JSON bodies result in a 4xx response"}],"endTime":1777806836283,"message":"","name":"C:\\Users\\Matas\\Documents\\GitHub\\ratai24\\__tests__\\integration\\misc.integration.test.js","startTime":1777806835616,"status":"passed","summary":""}],"wasInterrupted":false}
