TN:
SF:src\errors.js
FN:3,(anonymous_0)
FN:5,(anonymous_1)
FN:6,(anonymous_2)
FN:7,(anonymous_3)
FN:9,errorHandler
FNF:5
FNH:5
FNDA:29,(anonymous_0)
FNDA:10,(anonymous_1)
FNDA:17,(anonymous_2)
FNDA:1,(anonymous_3)
FNDA:87,errorHandler
DA:3,29
DA:5,10
DA:6,17
DA:7,10
DA:11,87
DA:12,24
DA:13,24
DA:14,24
DA:18,63
DA:20,57
DA:23,57
DA:26,1
DA:28,1
DA:30,1
DA:32,1
DA:34,1
DA:36,1
DA:38,1
DA:40,1
DA:42,1
DA:44,1
DA:46,1
DA:48,1
DA:50,1
DA:52,1
DA:56,1
DA:58,1
DA:61,2
DA:62,2
DA:66,1
DA:67,1
DA:70,1
DA:72,1
DA:74,1
DA:76,1
DA:78,1
DA:80,1
DA:82,1
DA:84,1
DA:86,1
DA:88,1
DA:90,1
DA:92,1
DA:94,1
DA:96,1
DA:98,1
DA:100,1
DA:102,1
DA:104,1
DA:106,1
DA:108,1
DA:110,1
DA:112,1
DA:114,1
DA:116,1
DA:118,1
DA:120,1
DA:122,1
DA:124,1
DA:133,6
DA:139,3
DA:143,1
DA:144,1
DA:149,6
DA:150,1
DA:152,5
DA:153,1
DA:157,4
DA:161,4
DA:162,4
DA:163,4
DA:165,4
LF:72
LH:72
BRDA:5,0,0,1
BRDA:6,1,0,0
BRDA:7,2,0,1
BRDA:11,3,0,24
BRDA:11,3,1,63
BRDA:13,4,0,1
BRDA:13,4,1,23
BRDA:18,5,0,57
BRDA:18,5,1,6
BRDA:18,6,0,63
BRDA:18,6,1,57
BRDA:23,7,0,1
BRDA:23,7,1,1
BRDA:23,7,2,1
BRDA:23,7,3,1
BRDA:23,7,4,1
BRDA:23,7,5,1
BRDA:23,7,6,1
BRDA:23,7,7,1
BRDA:23,7,8,1
BRDA:23,7,9,1
BRDA:23,7,10,1
BRDA:23,7,11,1
BRDA:23,7,12,1
BRDA:23,7,13,1
BRDA:23,7,14,1
BRDA:23,7,15,1
BRDA:23,7,16,2
BRDA:23,7,17,1
BRDA:23,7,18,1
BRDA:23,7,19,1
BRDA:23,7,20,1
BRDA:23,7,21,1
BRDA:23,7,22,1
BRDA:23,7,23,1
BRDA:23,7,24,1
BRDA:23,7,25,1
BRDA:23,7,26,1
BRDA:23,7,27,1
BRDA:23,7,28,1
BRDA:23,7,29,1
BRDA:23,7,30,1
BRDA:23,7,31,1
BRDA:23,7,32,1
BRDA:23,7,33,1
BRDA:23,7,34,1
BRDA:23,7,35,1
BRDA:23,7,36,1
BRDA:23,7,37,1
BRDA:23,7,38,1
BRDA:23,7,39,1
BRDA:23,7,40,1
BRDA:23,7,41,1
BRDA:23,7,42,1
BRDA:23,7,43,1
BRDA:23,7,44,1
BRDA:23,7,45,1
BRDA:23,7,46,1
BRDA:23,7,47,2
BRDA:23,7,48,3
BRDA:23,7,49,4
BRDA:23,7,50,5
BRDA:23,7,51,6
BRDA:23,7,52,1
BRDA:23,7,53,2
BRDA:23,7,54,3
BRDA:23,7,55,1
BRDA:61,8,0,1
BRDA:61,8,1,1
BRDA:61,9,0,1
BRDA:61,9,1,1
BRDA:66,10,0,1
BRDA:66,10,1,0
BRDA:149,11,0,1
BRDA:149,11,1,5
BRDA:152,12,0,1
BRDA:152,12,1,4
BRDA:162,13,0,4
BRDA:162,13,1,2
BRDA:163,14,0,3
BRDA:163,14,1,1
BRDA:163,15,0,4
BRDA:163,15,1,3
BRF:83
BRH:81
end_of_record
TN:
SF:src\lib\passwordValidation.js
FN:4,validatePasswordStrength
FN:20,isValidPassword
FNF:2
FNH:2
FNDA:21,validatePasswordStrength
FNDA:3,isValidPassword
DA:5,21
DA:6,5
DA:8,16
DA:9,5
DA:11,11
DA:12,2
DA:14,9
DA:15,1
DA:17,8
DA:21,3
LF:10
LH:10
BRDA:5,0,0,5
BRDA:5,0,1,16
BRDA:5,1,0,21
BRDA:5,1,1,19
BRDA:8,2,0,5
BRDA:8,2,1,11
BRDA:11,3,0,2
BRDA:11,3,1,9
BRDA:14,4,0,1
BRDA:14,4,1,8
BRF:10
BRH:10
end_of_record
TN:
SF:src\lib\rentalPrep.js
FN:14,rentalEndNeedsPrepDay
FN:25,nextPrepDayRangeUtc
FNF:2
FNH:2
FNDA:6,rentalEndNeedsPrepDay
FNDA:2,nextPrepDayRangeUtc
DA:8,10
DA:15,6
DA:16,6
DA:17,6
DA:26,2
DA:27,2
DA:28,2
DA:29,2
LF:8
LH:8
BRF:0
BRH:0
end_of_record
TN:
SF:src\pricing\calculators\base-price.calculator.js
FN:11,calculateBasePrice
FN:54,calculatePriceConstraints
FNF:2
FNH:2
FNDA:12,calculateBasePrice
FNDA:2,calculatePriceConstraints
DA:13,12
DA:14,4
DA:17,8
DA:20,8
DA:21,4
DA:25,8
DA:26,2
DA:30,8
DA:31,2
DA:32,2
DA:33,2
DA:34,2
DA:38,8
DA:39,8
DA:42,8
DA:43,2
DA:46,6
DA:55,2
DA:57,2
LF:19
LH:19
BRDA:13,0,0,4
BRDA:13,0,1,8
BRDA:13,1,0,12
BRDA:13,1,1,4
BRDA:20,2,0,4
BRDA:20,2,1,4
BRDA:25,3,0,2
BRDA:25,3,1,6
BRDA:30,4,0,2
BRDA:30,4,1,6
BRDA:30,5,0,8
BRDA:30,5,1,2
BRDA:42,6,0,2
BRDA:42,6,1,6
BRDA:42,7,0,8
BRDA:42,7,1,6
BRDA:43,8,0,2
BRDA:43,8,1,1
BRF:18
BRH:18
end_of_record
TN:
SF:src\pricing\calculators\customer.calculator.js
FN:16,computeLoyaltyFromContracts
FN:29,(anonymous_1)
FN:30,(anonymous_2)
FN:48,(anonymous_3)
FN:76,calculateCustomerMultiplier
FN:106,getCustomerLoyaltyInfo
FNF:6
FNH:6
FNDA:13,computeLoyaltyFromContracts
FNDA:56,(anonymous_1)
FNDA:56,(anonymous_2)
FNDA:36,(anonymous_3)
FNDA:4,calculateCustomerMultiplier
FNDA:4,getCustomerLoyaltyInfo
DA:7,10
DA:9,10
DA:10,10
DA:17,13
DA:18,2
DA:29,56
DA:30,56
DA:32,11
DA:33,11
DA:35,11
DA:36,3
DA:37,3
DA:38,8
DA:39,2
DA:40,2
DA:41,6
DA:42,3
DA:43,3
DA:46,11
DA:47,11
DA:48,36
DA:49,11
DA:50,11
DA:51,3
DA:54,11
DA:58,11
DA:60,11
DA:77,4
DA:78,2
DA:81,2
DA:82,2
DA:94,1
DA:96,1
DA:97,1
DA:107,4
DA:108,1
DA:118,3
DA:119,3
DA:131,2
DA:133,2
DA:142,1
DA:143,1
LF:42
LH:42
BRDA:17,0,0,2
BRDA:17,0,1,11
BRDA:35,1,0,3
BRDA:35,1,1,8
BRDA:35,2,0,11
BRDA:35,2,1,9
BRDA:38,3,0,2
BRDA:38,3,1,6
BRDA:41,4,0,3
BRDA:41,4,1,3
BRDA:50,5,0,3
BRDA:50,5,1,8
BRDA:50,6,0,11
BRDA:50,6,1,4
BRDA:76,7,0,0
BRDA:77,8,0,2
BRDA:77,8,1,2
BRDA:107,9,0,1
BRDA:107,9,1,3
BRF:19
BRH:18
end_of_record
TN:
SF:src\pricing\calculators\demand.calculator.js
FN:16,calculateDemandMultiplier
FN:91,getCityDemandMetrics
FNF:2
FNH:2
FNDA:8,calculateDemandMultiplier
FNDA:3,getCityDemandMetrics
DA:7,10
DA:17,8
DA:19,8
DA:27,7
DA:28,1
DA:32,6
DA:56,6
DA:57,6
DA:64,6
DA:66,2
DA:67,4
DA:69,2
DA:70,2
DA:72,1
DA:75,1
DA:79,6
DA:81,1
DA:82,1
DA:92,3
DA:94,3
DA:98,2
DA:100,2
DA:101,1
DA:105,1
DA:112,1
DA:113,1
DA:114,1
DA:115,1
DA:117,1
DA:128,1
DA:129,1
DA:130,1
DA:131,1
DA:134,1
DA:137,1
DA:158,1
DA:160,1
DA:161,1
LF:38
LH:38
BRDA:27,0,0,1
BRDA:27,0,1,6
BRDA:64,1,0,2
BRDA:64,1,1,4
BRDA:67,2,0,2
BRDA:67,2,1,2
BRDA:70,3,0,1
BRDA:70,3,1,1
BRDA:100,4,0,1
BRDA:100,4,1,1
BRDA:100,5,0,2
BRDA:100,5,1,2
BRDA:130,6,0,1
BRDA:130,6,1,0
BRDA:131,7,0,1
BRDA:131,7,1,0
BRF:16
BRH:14
end_of_record
TN:
SF:src\pricing\calculators\duration.calculator.js
FN:12,calculateDurationMultiplier
FN:39,getDurationDiscountDescription
FN:63,applyMinimumDurationPenalty
FNF:3
FNH:3
FNDA:19,calculateDurationMultiplier
FNDA:6,getDurationDiscountDescription
FNDA:3,applyMinimumDurationPenalty
DA:13,19
DA:15,3
DA:16,16
DA:18,3
DA:19,13
DA:21,4
DA:22,9
DA:24,3
DA:25,6
DA:27,3
DA:30,3
DA:40,6
DA:41,6
DA:43,6
DA:44,1
DA:47,5
DA:48,5
DA:49,4
DA:50,3
DA:51,1
DA:53,5
DA:64,3
DA:65,2
DA:69,1
LF:24
LH:24
BRDA:13,0,0,3
BRDA:13,0,1,16
BRDA:16,1,0,3
BRDA:16,1,1,13
BRDA:19,2,0,4
BRDA:19,2,1,9
BRDA:22,3,0,3
BRDA:22,3,1,6
BRDA:25,4,0,3
BRDA:25,4,1,3
BRDA:43,5,0,1
BRDA:43,5,1,5
BRDA:48,6,0,1
BRDA:48,6,1,4
BRDA:49,7,0,1
BRDA:49,7,1,3
BRDA:50,8,0,2
BRDA:50,8,1,1
BRDA:63,9,0,0
BRDA:64,10,0,2
BRDA:64,10,1,1
BRF:21
BRH:20
end_of_record
TN:
SF:src\pricing\calculators\seasonal.calculator.js
FN:16,calculateSeasonalMultiplier
FN:22,(anonymous_1)
FN:55,(anonymous_2)
FN:84,getActiveSeasonalFactors
FN:113,getHolidays
FN:129,parseDateOnlyUtc
FN:139,parseMultiplier
FN:153,createSeasonalFactor
FN:183,updateSeasonalFactorRecord
FN:224,deleteSeasonalFactorRecord
FNF:10
FNH:10
FNDA:5,calculateSeasonalMultiplier
FNDA:2,(anonymous_1)
FNDA:44,(anonymous_2)
FNDA:5,getActiveSeasonalFactors
FNDA:5,getHolidays
FNDA:9,parseDateOnlyUtc
FNDA:4,parseMultiplier
FNDA:6,createSeasonalFactor
FNDA:3,updateSeasonalFactorRecord
FNDA:1,deleteSeasonalFactorRecord
DA:7,10
DA:17,5
DA:20,5
DA:21,5
DA:22,2
DA:23,1
DA:28,4
DA:30,4
DA:31,1
DA:32,3
DA:33,1
DA:35,2
DA:40,4
DA:41,0
DA:44,0
DA:45,0
DA:48,0
DA:49,0
DA:54,4
DA:55,4
DA:56,44
DA:57,44
DA:60,4
DA:61,0
DA:65,4
DA:67,4
DA:69,1
DA:70,3
DA:72,3
DA:75,4
DA:85,5
DA:86,5
DA:101,4
DA:103,1
DA:104,1
DA:114,5
DA:130,9
DA:131,9
DA:132,9
DA:133,8
DA:134,8
DA:135,8
DA:136,8
DA:140,4
DA:141,4
DA:142,4
DA:143,1
DA:145,3
DA:154,6
DA:155,6
DA:156,5
DA:157,4
DA:158,4
DA:159,3
DA:160,2
DA:161,2
DA:162,1
DA:163,1
DA:164,1
DA:166,2
DA:184,3
DA:185,3
DA:188,2
DA:190,2
DA:191,2
DA:194,2
DA:195,2
DA:197,1
DA:198,1
DA:199,1
DA:202,1
DA:203,1
DA:204,0
DA:206,0
DA:207,0
DA:208,0
DA:213,1
DA:215,1
DA:225,1
LF:79
LH:69
BRDA:16,0,0,4
BRDA:21,1,0,1
BRDA:21,1,1,4
BRDA:30,2,0,1
BRDA:30,2,1,3
BRDA:30,3,0,4
BRDA:30,3,1,1
BRDA:32,4,0,1
BRDA:32,4,1,2
BRDA:32,5,0,3
BRDA:32,5,1,3
BRDA:40,6,0,0
BRDA:40,6,1,4
BRDA:44,7,0,0
BRDA:44,7,1,0
BRDA:44,8,0,0
BRDA:44,8,1,0
BRDA:48,9,0,0
BRDA:48,9,1,0
BRDA:60,10,0,0
BRDA:60,10,1,4
BRDA:67,11,0,1
BRDA:67,11,1,3
BRDA:70,12,0,3
BRDA:70,12,1,0
BRDA:84,13,0,0
BRDA:130,14,0,0
BRDA:130,14,1,9
BRDA:130,15,0,9
BRDA:130,15,1,9
BRDA:132,16,0,1
BRDA:132,16,1,8
BRDA:140,17,0,1
BRDA:140,17,1,3
BRDA:142,18,0,1
BRDA:142,18,1,3
BRDA:142,19,0,4
BRDA:142,19,1,4
BRDA:142,19,2,4
BRDA:154,20,0,6
BRDA:154,20,1,0
BRDA:155,21,0,1
BRDA:155,21,1,5
BRDA:158,22,0,1
BRDA:158,22,1,3
BRDA:161,23,0,1
BRDA:161,23,1,1
BRDA:161,24,0,2
BRDA:161,24,1,1
BRDA:163,25,0,0
BRDA:163,25,1,1
BRDA:185,26,0,1
BRDA:185,26,1,2
BRDA:188,27,0,0
BRDA:188,27,1,2
BRDA:190,28,0,0
BRDA:190,28,1,2
BRDA:191,29,0,0
BRDA:191,29,1,2
BRDA:194,30,0,1
BRDA:194,30,1,1
BRDA:195,31,0,1
BRDA:195,31,1,1
BRDA:198,32,0,1
BRDA:198,32,1,0
BRDA:203,33,0,0
BRDA:203,33,1,1
BRDA:204,34,0,0
BRDA:204,34,1,0
BRDA:204,35,0,0
BRDA:204,35,1,0
BRDA:207,36,0,0
BRDA:207,36,1,0
BRDA:213,37,0,0
BRDA:213,37,1,1
BRF:75
BRH:50
end_of_record
TN:
SF:src\pricing\calculators\utilization.calculator.js
FN:18,calculateUtilizationMultiplierForCar
FN:56,calculateUtilizationMultiplier
FN:79,updateCarUtilizationRate
FN:108,(anonymous_3)
FN:136,updateAllCarUtilizationRates
FN:160,getMaintenanceMultiplier
FNF:6
FNH:5
FNDA:18,calculateUtilizationMultiplierForCar
FNDA:2,calculateUtilizationMultiplier
FNDA:3,updateCarUtilizationRate
FNDA:1,(anonymous_3)
FNDA:0,updateAllCarUtilizationRates
FNDA:10,getMaintenanceMultiplier
DA:10,10
DA:12,10
DA:19,18
DA:20,2
DA:23,16
DA:27,2
DA:28,2
DA:31,15
DA:32,2
DA:35,13
DA:37,13
DA:38,2
DA:40,11
DA:41,2
DA:43,9
DA:44,3
DA:46,6
DA:47,3
DA:49,3
DA:57,2
DA:58,2
DA:66,1
DA:68,1
DA:69,1
DA:80,3
DA:81,3
DA:82,3
DA:84,3
DA:96,2
DA:97,1
DA:104,1
DA:107,1
DA:108,1
DA:109,1
DA:110,1
DA:111,1
DA:112,1
DA:115,1
DA:117,1
DA:125,1
DA:127,1
DA:128,1
DA:137,0
DA:138,0
DA:143,0
DA:145,0
DA:146,0
DA:149,0
DA:151,0
DA:161,10
DA:162,2
DA:165,8
DA:166,2
DA:168,6
DA:169,2
DA:171,4
DA:172,2
DA:174,2
LF:58
LH:51
BRDA:19,0,0,2
BRDA:19,0,1,16
BRDA:19,1,0,18
BRDA:19,1,1,17
BRDA:23,2,0,2
BRDA:23,2,1,14
BRDA:24,3,0,16
BRDA:24,3,1,2
BRDA:28,4,0,1
BRDA:28,4,1,1
BRDA:28,5,0,2
BRDA:28,5,1,2
BRDA:31,6,0,2
BRDA:31,6,1,13
BRDA:31,7,0,15
BRDA:31,7,1,14
BRDA:37,8,0,2
BRDA:37,8,1,11
BRDA:40,9,0,2
BRDA:40,9,1,9
BRDA:43,10,0,3
BRDA:43,10,1,6
BRDA:46,11,0,3
BRDA:46,11,1,3
BRDA:79,12,0,0
BRDA:96,13,0,1
BRDA:96,13,1,1
BRDA:161,14,0,2
BRDA:161,14,1,8
BRDA:165,15,0,2
BRDA:165,15,1,6
BRDA:168,16,0,2
BRDA:168,16,1,4
BRDA:171,17,0,2
BRDA:171,17,1,2
BRF:35
BRH:34
end_of_record
TN:
SF:src\services\email.service.js
FN:31,normalizeLanguage
FN:37,sendPasswordResetEmail
FNF:2
FNH:2
FNDA:6,normalizeLanguage
FNDA:6,sendPasswordResetEmail
DA:7,15
DA:32,6
DA:33,6
DA:34,6
DA:38,6
DA:39,6
DA:40,6
DA:42,6
DA:43,6
DA:44,6
DA:51,6
DA:52,1
DA:53,1
DA:56,5
DA:57,0
DA:62,5
DA:68,5
DA:83,5
DA:84,5
DA:85,1
DA:93,1
DA:96,4
DA:97,4
DA:98,4
DA:99,1
LF:25
LH:24
BRDA:32,0,0,0
BRDA:32,0,1,6
BRDA:34,1,0,2
BRDA:34,1,1,4
BRDA:34,2,0,6
BRDA:34,2,1,5
BRDA:37,3,0,2
BRDA:51,4,0,1
BRDA:51,4,1,5
BRDA:56,5,0,0
BRDA:56,5,1,5
BRDA:64,6,0,5
BRDA:64,6,1,0
BRDA:84,7,0,1
BRDA:84,7,1,4
BRDA:89,8,0,1
BRDA:89,8,1,0
BRDA:89,9,0,1
BRDA:89,9,1,1
BRDA:98,10,0,1
BRDA:98,10,1,3
BRF:21
BRH:17
end_of_record
